<!DOCTYPE html PUBLIC "-//W3C//DTD XHTML 1.1//EN" "http://www.w3.org/TR/xhtml11/DTD/xhtml11.dtd">
<html xmlns="http://www.w3.org/1999/xhtml">
<head>
<meta http-equiv="content-type" content="text/html; charset=UTF-8"/>
<title>TestNG Report</title>
<style type="text/css">table {margin-bottom:10px;border-collapse:collapse;empty-cells:show}th,td {border:1px solid #009;padding:.25em .5em}th {vertical-align:bottom}td {vertical-align:top}table a {font-weight:bold}.stripe td {background-color: #E6EBF9}.num {text-align:right}.passedodd td {background-color: #3F3}.passedeven td {background-color: #0A0}.skippedodd td {background-color: #DDD}.skippedeven td {background-color: #CCC}.failedodd td,.attn {background-color: #F33}.failedeven td,.stripe .attn {background-color: #D00}.stacktrace {white-space:pre;font-family:monospace}.totop {font-size:85%;text-align:center;border-bottom:2px solid #000}.invisible {display:none}</style>
</head>
<body>
<table>
<tr><th>Test</th><th># Passed</th><th># Skipped</th><th># Failed</th><th>Time (ms)</th><th>Included Groups</th><th>Excluded Groups</th></tr>
<tr><th colspan="7">Extended</th></tr>
<tr><td><a href="#t0">AdditionTest</a></td><td class="num">4</td><td class="num">0</td><td class="num attn">2</td><td class="num">5</td><td>longs, doubles, extended, addition</td><td>smoke, criticalPath</td></tr>
<tr class="stripe"><td><a href="#t1">SubtractionTest</a></td><td class="num">6</td><td class="num">0</td><td class="num">0</td><td class="num">5</td><td>longs, doubles, subtraction, extended</td><td>smoke, criticalPath</td></tr>
<tr><td><a href="#t2">MultiplicationTest</a></td><td class="num">5</td><td class="num">0</td><td class="num attn">3</td><td class="num">7</td><td>longs, doubles, multiplication, extended</td><td>smoke, criticalPath</td></tr>
<tr class="stripe"><td><a href="#t3">DivisionTest</a></td><td class="num">8</td><td class="num">0</td><td class="num">0</td><td class="num">7</td><td>division, longs, doubles, extended</td><td>smoke, criticalPath</td></tr>
<tr><td><a href="#t4">CosinusTest</a></td><td class="num">0</td><td class="num">0</td><td class="num attn">4</td><td class="num">18</td><td>cos, extended</td><td>smoke, criticalPath</td></tr>
<tr class="stripe"><td><a href="#t5">SinusTest</a></td><td class="num">4</td><td class="num">0</td><td class="num">0</td><td class="num">4</td><td>sin, extended</td><td>smoke, criticalPath</td></tr>
<tr><td><a href="#t6">CotangentTest</a></td><td class="num">0</td><td class="num">0</td><td class="num attn">4</td><td class="num">5</td><td>ctg, extended</td><td>smoke, criticalPath</td></tr>
<tr class="stripe"><td><a href="#t7">TangentTest</a></td><td class="num">0</td><td class="num">0</td><td class="num attn">4</td><td class="num">6</td><td>tg, extended</td><td>smoke, criticalPath</td></tr>
<tr><td><a href="#t8">NegativesTest</a></td><td class="num">0</td><td class="num">0</td><td class="num">0</td><td class="num">0</td><td>negatives, extended</td><td>smoke, criticalPath</td></tr>
<tr class="stripe"><td><a href="#t9">PositivesTest</a></td><td class="num">0</td><td class="num">0</td><td class="num">0</td><td class="num">0</td><td>positives, extended</td><td>smoke, criticalPath</td></tr>
<tr><td><a href="#t10">PowerTest</a></td><td class="num">4</td><td class="num">0</td><td class="num attn">2</td><td class="num">6</td><td>power, extended</td><td>smoke, criticalPath</td></tr>
<tr class="stripe"><td><a href="#t11">SquareRootTest</a></td><td class="num">3</td><td class="num">0</td><td class="num attn">1</td><td class="num">5</td><td>squareRoot, extended</td><td>smoke, criticalPath</td></tr>
<tr><th colspan="7">Smoke</th></tr>
<tr><td><a href="#t12">AdditionTest</a></td><td class="num">12</td><td class="num">0</td><td class="num">0</td><td class="num">43</td><td>longs, doubles, smoke, addition</td><td>criticalPath, extended</td></tr>
<tr class="stripe"><td><a href="#t13">SubtractionTest</a></td><td class="num">12</td><td class="num">0</td><td class="num">0</td><td class="num">12</td><td>longs, doubles, smoke, subtraction</td><td>criticalPath, extended</td></tr>
<tr><td><a href="#t14">MultiplicationTest</a></td><td class="num">2</td><td class="num">0</td><td class="num">0</td><td class="num">4</td><td>longs, doubles, smoke, multiplication</td><td>criticalPath, extended</td></tr>
<tr class="stripe"><td><a href="#t15">DivisionTest</a></td><td class="num">3</td><td class="num">0</td><td class="num attn">1</td><td class="num">5</td><td>division, longs, doubles, smoke</td><td>criticalPath, extended</td></tr>
<tr><td><a href="#t16">CosinusTest</a></td><td class="num">0</td><td class="num">0</td><td class="num attn">2</td><td class="num">4</td><td>cos, smoke</td><td>criticalPath, extended</td></tr>
<tr class="stripe"><td><a href="#t17">SinusTest</a></td><td class="num">2</td><td class="num">0</td><td class="num">0</td><td class="num">7</td><td>smoke, sin</td><td>criticalPath, extended</td></tr>
<tr><td><a href="#t18">CotangentTest</a></td><td class="num">0</td><td class="num">0</td><td class="num attn">2</td><td class="num">4</td><td>ctg, smoke</td><td>criticalPath, extended</td></tr>
<tr class="stripe"><td><a href="#t19">TangentTest</a></td><td class="num">0</td><td class="num">0</td><td class="num attn">2</td><td class="num">5</td><td>tg, smoke</td><td>criticalPath, extended</td></tr>
<tr><td><a href="#t20">NegativesTest</a></td><td class="num">3</td><td class="num">0</td><td class="num">0</td><td class="num">4</td><td>negatives, smoke</td><td>criticalPath, extended</td></tr>
<tr class="stripe"><td><a href="#t21">PositivesTest</a></td><td class="num">3</td><td class="num">0</td><td class="num">0</td><td class="num">3</td><td>smoke, positives</td><td>criticalPath, extended</td></tr>
<tr><td><a href="#t22">PowerTest</a></td><td class="num">2</td><td class="num">0</td><td class="num">0</td><td class="num">4</td><td>smoke, power</td><td>criticalPath, extended</td></tr>
<tr class="stripe"><td><a href="#t23">SquareRootTest</a></td><td class="num">1</td><td class="num">0</td><td class="num">0</td><td class="num">3</td><td>squareRoot, smoke</td><td>criticalPath, extended</td></tr>
<tr><th colspan="7">End-to-end test</th></tr>
<tr><th colspan="7">CriticalPath</th></tr>
<tr><td><a href="#t24">AdditionTest</a></td><td class="num">4</td><td class="num">0</td><td class="num attn">1</td><td class="num">5</td><td>longs, doubles, criticalPath, addition</td><td>smoke, extended</td></tr>
<tr class="stripe"><td><a href="#t25">SubtractionTest</a></td><td class="num">3</td><td class="num">0</td><td class="num attn">3</td><td class="num">3</td><td>longs, doubles, subtraction, criticalPath</td><td>smoke, extended</td></tr>
<tr><td><a href="#t26">MultiplicationTest</a></td><td class="num">1</td><td class="num">0</td><td class="num attn">1</td><td class="num">3</td><td>longs, doubles, criticalPath, multiplication</td><td>smoke, extended</td></tr>
<tr class="stripe"><td><a href="#t27">DivisionTest</a></td><td class="num">2</td><td class="num">0</td><td class="num">0</td><td class="num">3</td><td>division, longs, doubles, criticalPath</td><td>smoke, extended</td></tr>
<tr><td><a href="#t28">CosinusTest</a></td><td class="num">0</td><td class="num">0</td><td class="num attn">1</td><td class="num">3</td><td>cos, criticalPath</td><td>smoke, extended</td></tr>
<tr class="stripe"><td><a href="#t29">SinusTest</a></td><td class="num">1</td><td class="num">0</td><td class="num">0</td><td class="num">3</td><td>sin, criticalPath</td><td>smoke, extended</td></tr>
<tr><td><a href="#t30">CotangentTest</a></td><td class="num">0</td><td class="num">0</td><td class="num attn">1</td><td class="num">2</td><td>ctg, criticalPath</td><td>smoke, extended</td></tr>
<tr class="stripe"><td><a href="#t31">TangentTest</a></td><td class="num">0</td><td class="num">0</td><td class="num attn">1</td><td class="num">3</td><td>tg, criticalPath</td><td>smoke, extended</td></tr>
<tr><td><a href="#t32">NegativesTest</a></td><td class="num">5</td><td class="num">0</td><td class="num">0</td><td class="num">6</td><td>negatives, criticalPath</td><td>smoke, extended</td></tr>
<tr class="stripe"><td><a href="#t33">PositivesTest</a></td><td class="num">5</td><td class="num">0</td><td class="num">0</td><td class="num">7</td><td>positives, criticalPath</td><td>smoke, extended</td></tr>
<tr><td><a href="#t34">PowerTest</a></td><td class="num">1</td><td class="num">0</td><td class="num">0</td><td class="num">3</td><td>criticalPath, power</td><td>smoke, extended</td></tr>
<tr class="stripe"><td><a href="#t35">SquareRootTest</a></td><td class="num">1</td><td class="num">0</td><td class="num">0</td><td class="num">2</td><td>squareRoot, criticalPath</td><td>smoke, extended</td></tr>
<tr><th>Total</th><th class="num">97</th><th class="num">0</th><th class="num attn">35</th><th class="num">209</th><th colspan="2"></th></tr>
</table>
<table id='summary'><thead><tr><th>Class</th><th>Method</th><th>Start</th><th>Time (ms)</th></tr></thead><tbody><tr><th colspan="4">Extended</th></tr></tbody><tbody id="t0"><tr><th colspan="4">AdditionTest &#8212; failed</th></tr><tr class="failedeven"><td rowspan="2">com.epam.testng.parameterizedtests.SumDoublesTest</td><td><a href="#m0">sumPositiveAndNegativeLongs</a></td><td rowspan="2">1513337053281</td><td rowspan="2">1</td></tr><tr class="failedeven"><td><a href="#m1">sumPositiveAndNegativeLongs</a></td></tr><tr><th colspan="4">AdditionTest &#8212; passed</th></tr><tr class="passedeven"><td rowspan="1">com.epam.testng.parameterizedtests.SumDoublesTest</td><td><a href="#m2">sumPositiveAndNegativeLongs</a></td><td rowspan="1">1513337053283</td><td rowspan="1">0</td></tr><tr class="passedodd"><td rowspan="3">com.epam.testng.parameterizedtests.SumLongsTest</td><td><a href="#m3">sumPositiveAndNegativeLongs</a></td><td rowspan="3">1513337053282</td><td rowspan="3">1</td></tr><tr class="passedodd"><td><a href="#m4">sumPositiveAndNegativeLongs</a></td></tr><tr class="passedodd"><td><a href="#m5">sumPositiveAndNegativeLongs</a></td></tr></tbody>
<tbody id="t1"><tr><th colspan="4">SubtractionTest &#8212; passed</th></tr><tr class="passedeven"><td rowspan="3">com.epam.testng.parameterizedtests.SubDoublesTest</td><td><a href="#m6">subPositiveAndNegativeLongs</a></td><td rowspan="3">1513337058305</td><td rowspan="3">0</td></tr><tr class="passedeven"><td><a href="#m7">subPositiveAndNegativeLongs</a></td></tr><tr class="passedeven"><td><a href="#m8">subPositiveAndNegativeLongs</a></td></tr><tr class="passedodd"><td rowspan="3">com.epam.testng.parameterizedtests.SubLongsTest</td><td><a href="#m9">subPositiveAndNegativeLongs</a></td><td rowspan="3">1513337058303</td><td rowspan="3">0</td></tr><tr class="passedodd"><td><a href="#m10">subPositiveAndNegativeLongs</a></td></tr><tr class="passedodd"><td><a href="#m11">subPositiveAndNegativeLongs</a></td></tr></tbody>
<tbody id="t2"><tr><th colspan="4">MultiplicationTest &#8212; failed</th></tr><tr class="failedeven"><td rowspan="3">com.epam.testng.parameterizedtests.MultDoublesTest</td><td><a href="#m12">testDoublesMult</a></td><td rowspan="3">1513337063321</td><td rowspan="3">0</td></tr><tr class="failedeven"><td><a href="#m13">testDoublesMult</a></td></tr><tr class="failedeven"><td><a href="#m14">testDoublesMult</a></td></tr><tr><th colspan="4">MultiplicationTest &#8212; passed</th></tr><tr class="passedeven"><td rowspan="1">com.epam.testng.basictests.BasicMultDoublesTest</td><td><a href="#m15">multNegativeaAndPositiveLongs</a></td><td rowspan="1">1513337063319</td><td rowspan="1">1</td></tr><tr class="passedodd"><td rowspan="1">com.epam.testng.basictests.BasicMultLongsTest</td><td><a href="#m16">multNegativeaAndPositiveLongs</a></td><td rowspan="1">1513337063320</td><td rowspan="1">0</td></tr><tr class="passedeven"><td rowspan="3">com.epam.testng.parameterizedtests.MultLongsTest</td><td><a href="#m17">testLongMult</a></td><td rowspan="3">1513337063320</td><td rowspan="3">1</td></tr><tr class="passedeven"><td><a href="#m18">testLongMult</a></td></tr><tr class="passedeven"><td><a href="#m19">testLongMult</a></td></tr></tbody>
<tbody id="t3"><tr><th colspan="4">DivisionTest &#8212; passed</th></tr><tr class="passedeven"><td rowspan="1">com.epam.testng.basictests.BasicDivDoublesTest</td><td><a href="#m20">divideNegativeAndPositiveValues</a></td><td rowspan="1">1513337068347</td><td rowspan="1">0</td></tr><tr class="passedodd"><td rowspan="1">com.epam.testng.basictests.BasicDivLongsTest</td><td><a href="#m21">divideNegativeAndPositiveValues</a></td><td rowspan="1">1513337068347</td><td rowspan="1">1</td></tr><tr class="passedeven"><td rowspan="3">com.epam.testng.parameterizedtests.DivDoublesTest</td><td><a href="#m22">testLongDiv</a></td><td rowspan="3">1513337068347</td><td rowspan="3">0</td></tr><tr class="passedeven"><td><a href="#m23">testLongDiv</a></td></tr><tr class="passedeven"><td><a href="#m24">testLongDiv</a></td></tr><tr class="passedodd"><td rowspan="3">com.epam.testng.parameterizedtests.DivLongsTest</td><td><a href="#m25">testLongDiv</a></td><td rowspan="3">1513337068350</td><td rowspan="3">0</td></tr><tr class="passedodd"><td><a href="#m26">testLongDiv</a></td></tr><tr class="passedodd"><td><a href="#m27">testLongDiv</a></td></tr></tbody>
<tbody id="t4"><tr><th colspan="4">CosinusTest &#8212; failed</th></tr><tr class="failedeven"><td rowspan="1">com.epam.testng.basictests.BasicCosTest</td><td><a href="#m28">testNegativeAngle</a></td><td rowspan="1">1513337073377</td><td rowspan="1">0</td></tr><tr class="failedodd"><td rowspan="3">com.epam.testng.parameterizedtests.CosTest</td><td><a href="#m29">testAngles</a></td><td rowspan="3">1513337073378</td><td rowspan="3">1</td></tr><tr class="failedodd"><td><a href="#m30">testAngles</a></td></tr><tr class="failedodd"><td><a href="#m31">testAngles</a></td></tr></tbody>
<tbody id="t5"><tr><th colspan="4">SinusTest &#8212; passed</th></tr><tr class="passedeven"><td rowspan="1">com.epam.testng.basictests.BasicSinTest</td><td><a href="#m32">testNegativeAngle</a></td><td rowspan="1">1513337078397</td><td rowspan="1">0</td></tr><tr class="passedodd"><td rowspan="3">com.epam.testng.parameterizedtests.SinTest</td><td><a href="#m33">testAngles</a></td><td rowspan="3">1513337078397</td><td rowspan="3">0</td></tr><tr class="passedodd"><td><a href="#m34">testAngles</a></td></tr><tr class="passedodd"><td><a href="#m35">testAngles</a></td></tr></tbody>
<tbody id="t6"><tr><th colspan="4">CotangentTest &#8212; failed</th></tr><tr class="failedeven"><td rowspan="1">com.epam.testng.basictests.BasicCtgTest</td><td><a href="#m36">testNegativeAngle</a></td><td rowspan="1">1513337083413</td><td rowspan="1">0</td></tr><tr class="failedodd"><td rowspan="3">com.epam.testng.parameterizedtests.CtgTest</td><td><a href="#m37">testAngles</a></td><td rowspan="3">1513337083413</td><td rowspan="3">0</td></tr><tr class="failedodd"><td><a href="#m38">testAngles</a></td></tr><tr class="failedodd"><td><a href="#m39">testAngles</a></td></tr></tbody>
<tbody id="t7"><tr><th colspan="4">TangentTest &#8212; failed</th></tr><tr class="failedeven"><td rowspan="1">com.epam.testng.basictests.BasicTgTest</td><td><a href="#m40">testNegativeAngle</a></td><td rowspan="1">1513337088434</td><td rowspan="1">0</td></tr><tr class="failedodd"><td rowspan="3">com.epam.testng.parameterizedtests.TgTest</td><td><a href="#m41">testAngles</a></td><td rowspan="3">1513337088435</td><td rowspan="3">0</td></tr><tr class="failedodd"><td><a href="#m42">testAngles</a></td></tr><tr class="failedodd"><td><a href="#m43">testAngles</a></td></tr></tbody>
<tbody id="t8"><tr><th colspan="4" class="invisible"/></tr></tbody>
<tbody id="t9"><tr><th colspan="4" class="invisible"/></tr></tbody>
<tbody id="t10"><tr><th colspan="4">PowerTest &#8212; failed</th></tr><tr class="failedeven"><td rowspan="1">com.epam.testng.basictests.BasicPowTest</td><td><a href="#m44">testPowTwoOfRation</a></td><td rowspan="1">1513337103476</td><td rowspan="1">0</td></tr><tr class="failedodd"><td rowspan="1">com.epam.testng.parameterizedtests.PowTest</td><td><a href="#m45">testPower</a></td><td rowspan="1">1513337103478</td><td rowspan="1">0</td></tr><tr><th colspan="4">PowerTest &#8212; passed</th></tr><tr class="passedeven"><td rowspan="4">com.epam.testng.parameterizedtests.PowTest</td><td><a href="#m46">testPower</a></td><td rowspan="4">1513337103479</td><td rowspan="4">0</td></tr><tr class="passedeven"><td><a href="#m47">testPower</a></td></tr><tr class="passedeven"><td><a href="#m48">testPower</a></td></tr><tr class="passedeven"><td><a href="#m49">testPower</a></td></tr></tbody>
<tbody id="t11"><tr><th colspan="4">SquareRootTest &#8212; failed</th></tr><tr class="failedeven"><td rowspan="1">com.epam.testng.basictests.BasicSqrtTest</td><td><a href="#m50">testNegativeNumbers</a></td><td rowspan="1">1513337108494</td><td rowspan="1">0</td></tr><tr><th colspan="4">SquareRootTest &#8212; passed</th></tr><tr class="passedeven"><td rowspan="3">com.epam.testng.parameterizedtests.SqrtTest</td><td><a href="#m51">testLongMult</a></td><td rowspan="3">1513337108494</td><td rowspan="3">0</td></tr><tr class="passedeven"><td><a href="#m52">testLongMult</a></td></tr><tr class="passedeven"><td><a href="#m53">testLongMult</a></td></tr></tbody>
<tbody><tr><th colspan="4">Smoke</th></tr></tbody><tbody id="t12"><tr><th colspan="4">AdditionTest &#8212; passed</th></tr><tr class="passedeven"><td rowspan="3">com.epam.testng.basictests.BasicSumDoublesTest</td><td><a href="#m54">sumNegativeLongs</a></td><td rowspan="1">1513336932829</td><td rowspan="1">2</td></tr><tr class="passedeven"><td><a href="#m55">sumPositiveAndNegativeLongs</a></td><td rowspan="1">1513336932834</td><td rowspan="1">1</td></tr><tr class="passedeven"><td><a href="#m56">sumPositiveLongs</a></td><td rowspan="1">1513336932835</td><td rowspan="1">0</td></tr><tr class="passedodd"><td rowspan="3">com.epam.testng.basictests.BasicSumLongsTest</td><td><a href="#m57">sumNegativeLongs</a></td><td rowspan="1">1513336932828</td><td rowspan="1">3</td></tr><tr class="passedodd"><td><a href="#m58">sumPositiveAndNegativeLongs</a></td><td rowspan="1">1513336932832</td><td rowspan="1">0</td></tr><tr class="passedodd"><td><a href="#m59">sumPositiveLongs</a></td><td rowspan="1">1513336932832</td><td rowspan="1">1</td></tr><tr class="passedeven"><td rowspan="3">com.epam.testng.parameterizedtests.SumDoublesTest</td><td><a href="#m60">sumNegativeLongs</a></td><td rowspan="3">1513336932832</td><td rowspan="3">0</td></tr><tr class="passedeven"><td><a href="#m61">sumNegativeLongs</a></td></tr><tr class="passedeven"><td><a href="#m62">sumNegativeLongs</a></td></tr><tr class="passedodd"><td rowspan="3">com.epam.testng.parameterizedtests.SumLongsTest</td><td><a href="#m63">sumNegativeLongs</a></td><td rowspan="3">1513336932828</td><td rowspan="3">3</td></tr><tr class="passedodd"><td><a href="#m64">sumNegativeLongs</a></td></tr><tr class="passedodd"><td><a href="#m65">sumNegativeLongs</a></td></tr></tbody>
<tbody id="t13"><tr><th colspan="4">SubtractionTest &#8212; passed</th></tr><tr class="passedeven"><td rowspan="3">com.epam.testng.basictests.BasicSubDoublesTest</td><td><a href="#m66">subNegativeLongs</a></td><td rowspan="1">1513336937898</td><td rowspan="1">0</td></tr><tr class="passedeven"><td><a href="#m67">subPositiveAndNegativeLongs</a></td><td rowspan="1">1513336937898</td><td rowspan="1">0</td></tr><tr class="passedeven"><td><a href="#m68">subPositiveLongs</a></td><td rowspan="1">1513336937899</td><td rowspan="1">0</td></tr><tr class="passedodd"><td rowspan="3">com.epam.testng.basictests.BasicSubLongsTest</td><td><a href="#m69">subNegativeLongs</a></td><td rowspan="1">1513336937903</td><td rowspan="1">0</td></tr><tr class="passedodd"><td><a href="#m70">subPositiveAndNegativeLongs</a></td><td rowspan="1">1513336937904</td><td rowspan="1">0</td></tr><tr class="passedodd"><td><a href="#m71">subPositiveLongs</a></td><td rowspan="1">1513336937904</td><td rowspan="1">0</td></tr><tr class="passedeven"><td rowspan="3">com.epam.testng.parameterizedtests.SubDoublesTest</td><td><a href="#m72">suNegativeLongs</a></td><td rowspan="3">1513336937902</td><td rowspan="3">0</td></tr><tr class="passedeven"><td><a href="#m73">suNegativeLongs</a></td></tr><tr class="passedeven"><td><a href="#m74">suNegativeLongs</a></td></tr><tr class="passedodd"><td rowspan="3">com.epam.testng.parameterizedtests.SubLongsTest</td><td><a href="#m75">subNegativeLongs</a></td><td rowspan="3">1513336937905</td><td rowspan="3">0</td></tr><tr class="passedodd"><td><a href="#m76">subNegativeLongs</a></td></tr><tr class="passedodd"><td><a href="#m77">subNegativeLongs</a></td></tr></tbody>
<tbody id="t14"><tr><th colspan="4">MultiplicationTest &#8212; passed</th></tr><tr class="passedeven"><td rowspan="1">com.epam.testng.basictests.BasicMultDoublesTest</td><td><a href="#m78">multPositiveDoubles</a></td><td rowspan="1">1513336942922</td><td rowspan="1">1</td></tr><tr class="passedodd"><td rowspan="1">com.epam.testng.basictests.BasicMultLongsTest</td><td><a href="#m79">multPositiveLongs</a></td><td rowspan="1">1513336942922</td><td rowspan="1">1</td></tr></tbody>
<tbody id="t15"><tr><th colspan="4">DivisionTest &#8212; failed</th></tr><tr class="failedeven"><td rowspan="1">com.epam.testng.basictests.BasicDivLongsTest</td><td><a href="#m80">dividePositiveValues</a></td><td rowspan="1">1513336947944</td><td rowspan="1">1</td></tr><tr><th colspan="4">DivisionTest &#8212; passed</th></tr><tr class="passedeven"><td rowspan="2">com.epam.testng.basictests.BasicDivDoublesTest</td><td><a href="#m81">divideByZero</a></td><td rowspan="1">1513336947943</td><td rowspan="1">0</td></tr><tr class="passedeven"><td><a href="#m82">dividePositiveValues</a></td><td rowspan="1">1513336947943</td><td rowspan="1">0</td></tr><tr class="passedodd"><td rowspan="1">com.epam.testng.basictests.BasicDivLongsTest</td><td><a href="#m83">checkDivisionByZeroThrowsException</a></td><td rowspan="1">1513336947943</td><td rowspan="1">0</td></tr></tbody>
<tbody id="t16"><tr><th colspan="4">CosinusTest &#8212; failed</th></tr><tr class="failedeven"><td rowspan="2">com.epam.testng.basictests.BasicCosTest</td><td><a href="#m84">testAnotherAngle</a></td><td rowspan="1">1513336952968</td><td rowspan="1">0</td></tr><tr class="failedeven"><td><a href="#m85">testZeroAngle</a></td><td rowspan="1">1513336952969</td><td rowspan="1">0</td></tr></tbody>
<tbody id="t17"><tr><th colspan="4">SinusTest &#8212; passed</th></tr><tr class="passedeven"><td rowspan="2">com.epam.testng.basictests.BasicSinTest</td><td><a href="#m86">testAnotherAngle</a></td><td rowspan="1">1513336957985</td><td rowspan="1">1</td></tr><tr class="passedeven"><td><a href="#m87">testZeroAngle</a></td><td rowspan="1">1513336957986</td><td rowspan="1">0</td></tr></tbody>
<tbody id="t18"><tr><th colspan="4">CotangentTest &#8212; failed</th></tr><tr class="failedeven"><td rowspan="2">com.epam.testng.basictests.BasicCtgTest</td><td><a href="#m88">testAnotherAngle</a></td><td rowspan="1">1513336963005</td><td rowspan="1">0</td></tr><tr class="failedeven"><td><a href="#m89">testZeroAngle</a></td><td rowspan="1">1513336963005</td><td rowspan="1">1</td></tr></tbody>
<tbody id="t19"><tr><th colspan="4">TangentTest &#8212; failed</th></tr><tr class="failedeven"><td rowspan="2">com.epam.testng.basictests.BasicTgTest</td><td><a href="#m90">testAnotherAngle</a></td><td rowspan="1">1513336968021</td><td rowspan="1">0</td></tr><tr class="failedeven"><td><a href="#m91">testZeroAngle</a></td><td rowspan="1">1513336968022</td><td rowspan="1">0</td></tr></tbody>
<tbody id="t20"><tr><th colspan="4">NegativesTest &#8212; passed</th></tr><tr class="passedeven"><td rowspan="3">com.epam.testng.basictests.BasicNegativeNumbersTest</td><td><a href="#m92">checkValueNegative</a></td><td rowspan="1">1513336973040</td><td rowspan="1">0</td></tr><tr class="passedeven"><td><a href="#m93">checkValuePositive</a></td><td rowspan="1">1513336973040</td><td rowspan="1">0</td></tr><tr class="passedeven"><td><a href="#m94">checkZero</a></td><td rowspan="1">1513336973041</td><td rowspan="1">0</td></tr></tbody>
<tbody id="t21"><tr><th colspan="4">PositivesTest &#8212; passed</th></tr><tr class="passedeven"><td rowspan="3">com.epam.testng.basictests.BasicPositiveNumbersTest</td><td><a href="#m95">checkValueNegative</a></td><td rowspan="1">1513336978052</td><td rowspan="1">1</td></tr><tr class="passedeven"><td><a href="#m96">checkValuePositive</a></td><td rowspan="1">1513336978053</td><td rowspan="1">0</td></tr><tr class="passedeven"><td><a href="#m97">checkZero</a></td><td rowspan="1">1513336978053</td><td rowspan="1">0</td></tr></tbody>
<tbody id="t22"><tr><th colspan="4">PowerTest &#8212; passed</th></tr><tr class="passedeven"><td rowspan="2">com.epam.testng.basictests.BasicPowTest</td><td><a href="#m98">testPowOne</a></td><td rowspan="1">1513336983066</td><td rowspan="1">0</td></tr><tr class="passedeven"><td><a href="#m99">testPowTwo</a></td><td rowspan="1">1513336983066</td><td rowspan="1">0</td></tr></tbody>
<tbody id="t23"><tr><th colspan="4">SquareRootTest &#8212; passed</th></tr><tr class="passedeven"><td rowspan="1">com.epam.testng.basictests.BasicSqrtTest</td><td><a href="#m100">testPositiveNumbers</a></td><td rowspan="1">1513336988078</td><td rowspan="1">1</td></tr></tbody>
<tbody><tr><th colspan="4">End-to-end test</th></tr></tbody><tbody><tr><th colspan="4">CriticalPath</th></tr></tbody><tbody id="t24"><tr><th colspan="4">AdditionTest &#8212; failed</th></tr><tr class="failedeven"><td rowspan="1">com.epam.testng.parameterizedtests.SumLongsTest</td><td><a href="#m101">sumPositiveLongs</a></td><td rowspan="1">1513336993094</td><td rowspan="1">2</td></tr><tr><th colspan="4">AdditionTest &#8212; passed</th></tr><tr class="passedeven"><td rowspan="3">com.epam.testng.parameterizedtests.SumDoublesTest</td><td><a href="#m102">sumPositiveLongs</a></td><td rowspan="3">1513336993095</td><td rowspan="3">0</td></tr><tr class="passedeven"><td><a href="#m103">sumPositiveLongs</a></td></tr><tr class="passedeven"><td><a href="#m104">sumPositiveLongs</a></td></tr><tr class="passedodd"><td rowspan="1">com.epam.testng.parameterizedtests.SumLongsTest</td><td><a href="#m105">sumPositiveLongs</a></td><td rowspan="1">1513336993094</td><td rowspan="1">0</td></tr></tbody>
<tbody id="t25"><tr><th colspan="4">SubtractionTest &#8212; failed</th></tr><tr class="failedeven"><td rowspan="3">com.epam.testng.parameterizedtests.SubLongsTest</td><td><a href="#m106">subPositiveLongs</a></td><td rowspan="3">1513336998113</td><td rowspan="3">0</td></tr><tr class="failedeven"><td><a href="#m107">subPositiveLongs</a></td></tr><tr class="failedeven"><td><a href="#m108">subPositiveLongs</a></td></tr><tr><th colspan="4">SubtractionTest &#8212; passed</th></tr><tr class="passedeven"><td rowspan="3">com.epam.testng.parameterizedtests.SubDoublesTest</td><td><a href="#m109">subPositiveLongs</a></td><td rowspan="3">1513336998112</td><td rowspan="3">0</td></tr><tr class="passedeven"><td><a href="#m110">subPositiveLongs</a></td></tr><tr class="passedeven"><td><a href="#m111">subPositiveLongs</a></td></tr></tbody>
<tbody id="t26"><tr><th colspan="4">MultiplicationTest &#8212; failed</th></tr><tr class="failedeven"><td rowspan="1">com.epam.testng.basictests.BasicMultLongsTest</td><td><a href="#m112">multNegativeLongs</a></td><td rowspan="1">1513337003132</td><td rowspan="1">1</td></tr><tr><th colspan="4">MultiplicationTest &#8212; passed</th></tr><tr class="passedeven"><td rowspan="1">com.epam.testng.basictests.BasicMultDoublesTest</td><td><a href="#m113">multNegativeLongs</a></td><td rowspan="1">1513337003132</td><td rowspan="1">1</td></tr></tbody>
<tbody id="t27"><tr><th colspan="4">DivisionTest &#8212; passed</th></tr><tr class="passedeven"><td rowspan="1">com.epam.testng.basictests.BasicDivDoublesTest</td><td><a href="#m114">divideNegativeValues</a></td><td rowspan="1">1513337008150</td><td rowspan="1">1</td></tr><tr class="passedodd"><td rowspan="1">com.epam.testng.basictests.BasicDivLongsTest</td><td><a href="#m115">divideNegativeValues</a></td><td rowspan="1">1513337008150</td><td rowspan="1">1</td></tr></tbody>
<tbody id="t28"><tr><th colspan="4">CosinusTest &#8212; failed</th></tr><tr class="failedeven"><td rowspan="1">com.epam.testng.basictests.BasicCosTest</td><td><a href="#m116">testFullRotationAnglePlusOne</a></td><td rowspan="1">1513337013164</td><td rowspan="1">0</td></tr></tbody>
<tbody id="t29"><tr><th colspan="4">SinusTest &#8212; passed</th></tr><tr class="passedeven"><td rowspan="1">com.epam.testng.basictests.BasicSinTest</td><td><a href="#m117">testFullRotationAngle</a></td><td rowspan="1">1513337018178</td><td rowspan="1">0</td></tr></tbody>
<tbody id="t30"><tr><th colspan="4">CotangentTest &#8212; failed</th></tr><tr class="failedeven"><td rowspan="1">com.epam.testng.basictests.BasicCtgTest</td><td><a href="#m118">testFullRotationAnglePlusOne</a></td><td rowspan="1">1513337023193</td><td rowspan="1">0</td></tr></tbody>
<tbody id="t31"><tr><th colspan="4">TangentTest &#8212; failed</th></tr><tr class="failedeven"><td rowspan="1">com.epam.testng.basictests.BasicTgTest</td><td><a href="#m119">testFullRotationAnglePlusOne</a></td><td rowspan="1">1513337028206</td><td rowspan="1">0</td></tr></tbody>
<tbody id="t32"><tr><th colspan="4">NegativesTest &#8212; passed</th></tr><tr class="passedeven"><td rowspan="5">com.epam.testng.parameterizedtests.NegativeNumbersTest</td><td><a href="#m120">checkValuePositive</a></td><td rowspan="5">1513337033217</td><td rowspan="5">0</td></tr><tr class="passedeven"><td><a href="#m121">checkValuePositive</a></td></tr><tr class="passedeven"><td><a href="#m122">checkValuePositive</a></td></tr><tr class="passedeven"><td><a href="#m123">checkValuePositive</a></td></tr><tr class="passedeven"><td><a href="#m124">checkValuePositive</a></td></tr></tbody>
<tbody id="t33"><tr><th colspan="4">PositivesTest &#8212; passed</th></tr><tr class="passedeven"><td rowspan="5">com.epam.testng.parameterizedtests.PositiveNumbersTest</td><td><a href="#m125">checkValuePositive</a></td><td rowspan="5">1513337038237</td><td rowspan="5">0</td></tr><tr class="passedeven"><td><a href="#m126">checkValuePositive</a></td></tr><tr class="passedeven"><td><a href="#m127">checkValuePositive</a></td></tr><tr class="passedeven"><td><a href="#m128">checkValuePositive</a></td></tr><tr class="passedeven"><td><a href="#m129">checkValuePositive</a></td></tr></tbody>
<tbody id="t34"><tr><th colspan="4">PowerTest &#8212; passed</th></tr><tr class="passedeven"><td rowspan="1">com.epam.testng.basictests.BasicPowTest</td><td><a href="#m130">testPowNegativeTwo</a></td><td rowspan="1">1513337043249</td><td rowspan="1">0</td></tr></tbody>
<tbody id="t35"><tr><th colspan="4">SquareRootTest &#8212; passed</th></tr><tr class="passedeven"><td rowspan="1">com.epam.testng.basictests.BasicSqrtTest</td><td><a href="#m131">testZero</a></td><td rowspan="1">1513337048268</td><td rowspan="1">0</td></tr></tbody>
</table>
<h2>AdditionTest</h2><h3 id="m0">com.epam.testng.parameterizedtests.SumDoublesTest#sumPositiveAndNegativeLongs</h3><table class="result"><tr class="param"><th>Parameter #1</th><th>Parameter #2</th><th>Parameter #3</th></tr><tr class="param stripe"><td>20.01</td><td>-15.45</td><td>4.56</td></tr><tr><th colspan="3">Exception</th></tr><tr><td colspan="3"><div class="stacktrace">java.lang.AssertionError: Invalid operation result expected [4.56] but found [4.560000000000002]
	at com.epam.testng.parameterizedtests.SumDoublesTest.sumPositiveAndNegativeLongs(SumDoublesTest.java:24)
	at java.util.concurrent.ThreadPoolExecutor.runWorker(ThreadPoolExecutor.java:1149)
	at java.util.concurrent.ThreadPoolExecutor$Worker.run(ThreadPoolExecutor.java:624)
	at java.lang.Thread.run(Thread.java:748)
... Removed 14 stack frames</div></td></tr></table><p class="totop"><a href="#summary">back to summary</a></p>
<h3 id="m1">com.epam.testng.parameterizedtests.SumDoublesTest#sumPositiveAndNegativeLongs</h3><table class="result"><tr class="param"><th>Parameter #1</th><th>Parameter #2</th><th>Parameter #3</th></tr><tr class="param stripe"><td>2.14748364666E9</td><td>-1.55</td><td>2.14748364511E9</td></tr><tr><th colspan="3">Exception</th></tr><tr><td colspan="3"><div class="stacktrace">java.lang.AssertionError: Invalid operation result expected [2.14748364511E9] but found [2.1474836451100001E9]
	at com.epam.testng.parameterizedtests.SumDoublesTest.sumPositiveAndNegativeLongs(SumDoublesTest.java:24)
	at java.util.concurrent.ThreadPoolExecutor.runWorker(ThreadPoolExecutor.java:1149)
	at java.util.concurrent.ThreadPoolExecutor$Worker.run(ThreadPoolExecutor.java:624)
	at java.lang.Thread.run(Thread.java:748)
... Removed 14 stack frames</div></td></tr></table><p class="totop"><a href="#summary">back to summary</a></p>
<h3 id="m2">com.epam.testng.parameterizedtests.SumDoublesTest#sumPositiveAndNegativeLongs</h3><table class="result"><tr class="param"><th>Parameter #1</th><th>Parameter #2</th><th>Parameter #3</th></tr><tr class="param stripe"><td>1</td><td>-50</td><td>-49.0</td></tr></table><p class="totop"><a href="#summary">back to summary</a></p>
<h3 id="m3">com.epam.testng.parameterizedtests.SumLongsTest#sumPositiveAndNegativeLongs</h3><table class="result"><tr class="param"><th>Parameter #1</th><th>Parameter #2</th><th>Parameter #3</th></tr><tr class="param stripe"><td>1</td><td>-50</td><td>-49</td></tr></table><p class="totop"><a href="#summary">back to summary</a></p>
<h3 id="m4">com.epam.testng.parameterizedtests.SumLongsTest#sumPositiveAndNegativeLongs</h3><table class="result"><tr class="param"><th>Parameter #1</th><th>Parameter #2</th><th>Parameter #3</th></tr><tr class="param stripe"><td>2147483646</td><td>-1</td><td>2147483645</td></tr></table><p class="totop"><a href="#summary">back to summary</a></p>
<h3 id="m5">com.epam.testng.parameterizedtests.SumLongsTest#sumPositiveAndNegativeLongs</h3><table class="result"><tr class="param"><th>Parameter #1</th><th>Parameter #2</th><th>Parameter #3</th></tr><tr class="param stripe"><td>20</td><td>-15</td><td>5</td></tr></table><p class="totop"><a href="#summary">back to summary</a></p>
<h2>SubtractionTest</h2><h3 id="m6">com.epam.testng.parameterizedtests.SubDoublesTest#subPositiveAndNegativeLongs</h3><table class="result"><tr class="param"><th>Parameter #1</th><th>Parameter #2</th><th>Parameter #3</th></tr><tr class="param stripe"><td>20.09</td><td>-15.45</td><td>35.54</td></tr></table><p class="totop"><a href="#summary">back to summary</a></p>
<h3 id="m7">com.epam.testng.parameterizedtests.SubDoublesTest#subPositiveAndNegativeLongs</h3><table class="result"><tr class="param"><th>Parameter #1</th><th>Parameter #2</th><th>Parameter #3</th></tr><tr class="param stripe"><td>1</td><td>-50</td><td>51.0</td></tr></table><p class="totop"><a href="#summary">back to summary</a></p>
<h3 id="m8">com.epam.testng.parameterizedtests.SubDoublesTest#subPositiveAndNegativeLongs</h3><table class="result"><tr class="param"><th>Parameter #1</th><th>Parameter #2</th><th>Parameter #3</th></tr><tr class="param stripe"><td>2.14748364666E9</td><td>-1.55</td><td>2.14748364821E9</td></tr></table><p class="totop"><a href="#summary">back to summary</a></p>
<h3 id="m9">com.epam.testng.parameterizedtests.SubLongsTest#subPositiveAndNegativeLongs</h3><table class="result"><tr class="param"><th>Parameter #1</th><th>Parameter #2</th><th>Parameter #3</th></tr><tr class="param stripe"><td>2147483646</td><td>-1</td><td>2147483647</td></tr></table><p class="totop"><a href="#summary">back to summary</a></p>
<h3 id="m10">com.epam.testng.parameterizedtests.SubLongsTest#subPositiveAndNegativeLongs</h3><table class="result"><tr class="param"><th>Parameter #1</th><th>Parameter #2</th><th>Parameter #3</th></tr><tr class="param stripe"><td>1</td><td>-50</td><td>51</td></tr></table><p class="totop"><a href="#summary">back to summary</a></p>
<h3 id="m11">com.epam.testng.parameterizedtests.SubLongsTest#subPositiveAndNegativeLongs</h3><table class="result"><tr class="param"><th>Parameter #1</th><th>Parameter #2</th><th>Parameter #3</th></tr><tr class="param stripe"><td>20</td><td>-15</td><td>35</td></tr></table><p class="totop"><a href="#summary">back to summary</a></p>
<h2>MultiplicationTest</h2><h3 id="m12">com.epam.testng.parameterizedtests.MultDoublesTest#testDoublesMult</h3><table class="result"><tr><th>Exception</th></tr><tr><td><div class="stacktrace">java.lang.AssertionError: Invalid operation result. Please, try again expected [-6.9] but found [-7.0]
	at com.epam.testng.parameterizedtests.MultDoublesTest.testDoublesMult(MultDoublesTest.java:23)
	at java.util.concurrent.ThreadPoolExecutor.runWorker(ThreadPoolExecutor.java:1149)
	at java.util.concurrent.ThreadPoolExecutor$Worker.run(ThreadPoolExecutor.java:624)
	at java.lang.Thread.run(Thread.java:748)
... Removed 14 stack frames</div></td></tr></table><p class="totop"><a href="#summary">back to summary</a></p>
<h3 id="m13">com.epam.testng.parameterizedtests.MultDoublesTest#testDoublesMult</h3><table class="result"><tr><th>Exception</th></tr><tr><td><div class="stacktrace">java.lang.AssertionError: Invalid operation result. Please, try again expected [3.03] but found [3.0]
	at com.epam.testng.parameterizedtests.MultDoublesTest.testDoublesMult(MultDoublesTest.java:23)
	at java.util.concurrent.ThreadPoolExecutor.runWorker(ThreadPoolExecutor.java:1149)
	at java.util.concurrent.ThreadPoolExecutor$Worker.run(ThreadPoolExecutor.java:624)
	at java.lang.Thread.run(Thread.java:748)
... Removed 14 stack frames</div></td></tr></table><p class="totop"><a href="#summary">back to summary</a></p>
<h3 id="m14">com.epam.testng.parameterizedtests.MultDoublesTest#testDoublesMult</h3><table class="result"><tr><th>Exception</th></tr><tr><td><div class="stacktrace">java.lang.AssertionError: Invalid operation result. Please, try again expected [0.04] but found [0.0]
	at com.epam.testng.parameterizedtests.MultDoublesTest.testDoublesMult(MultDoublesTest.java:23)
	at java.util.concurrent.ThreadPoolExecutor.runWorker(ThreadPoolExecutor.java:1149)
	at java.util.concurrent.ThreadPoolExecutor$Worker.run(ThreadPoolExecutor.java:624)
	at java.lang.Thread.run(Thread.java:748)
... Removed 14 stack frames</div></td></tr></table><p class="totop"><a href="#summary">back to summary</a></p>
<h3 id="m15">com.epam.testng.basictests.BasicMultDoublesTest#multNegativeaAndPositiveLongs</h3><table class="result"><tr><th class="invisible"/></tr></table><p class="totop"><a href="#summary">back to summary</a></p>
<h3 id="m16">com.epam.testng.basictests.BasicMultLongsTest#multNegativeaAndPositiveLongs</h3><table class="result"><tr><th class="invisible"/></tr></table><p class="totop"><a href="#summary">back to summary</a></p>
<h3 id="m17">com.epam.testng.parameterizedtests.MultLongsTest#testLongMult</h3><table class="result"><tr><th class="invisible"/></tr></table><p class="totop"><a href="#summary">back to summary</a></p>
<h3 id="m18">com.epam.testng.parameterizedtests.MultLongsTest#testLongMult</h3><table class="result"><tr><th class="invisible"/></tr></table><p class="totop"><a href="#summary">back to summary</a></p>
<h3 id="m19">com.epam.testng.parameterizedtests.MultLongsTest#testLongMult</h3><table class="result"><tr><th class="invisible"/></tr></table><p class="totop"><a href="#summary">back to summary</a></p>
<h2>DivisionTest</h2><h3 id="m20">com.epam.testng.basictests.BasicDivDoublesTest#divideNegativeAndPositiveValues</h3><table class="result"><tr><th class="invisible"/></tr></table><p class="totop"><a href="#summary">back to summary</a></p>
<h3 id="m21">com.epam.testng.basictests.BasicDivLongsTest#divideNegativeAndPositiveValues</h3><table class="result"><tr><th class="invisible"/></tr></table><p class="totop"><a href="#summary">back to summary</a></p>
<h3 id="m22">com.epam.testng.parameterizedtests.DivDoublesTest#testLongDiv</h3><table class="result"><tr><th class="invisible"/></tr></table><p class="totop"><a href="#summary">back to summary</a></p>
<h3 id="m23">com.epam.testng.parameterizedtests.DivDoublesTest#testLongDiv</h3><table class="result"><tr><th class="invisible"/></tr></table><p class="totop"><a href="#summary">back to summary</a></p>
<h3 id="m24">com.epam.testng.parameterizedtests.DivDoublesTest#testLongDiv</h3><table class="result"><tr><th class="invisible"/></tr></table><p class="totop"><a href="#summary">back to summary</a></p>
<h3 id="m25">com.epam.testng.parameterizedtests.DivLongsTest#testLongDiv</h3><table class="result"><tr><th class="invisible"/></tr></table><p class="totop"><a href="#summary">back to summary</a></p>
<h3 id="m26">com.epam.testng.parameterizedtests.DivLongsTest#testLongDiv</h3><table class="result"><tr><th class="invisible"/></tr></table><p class="totop"><a href="#summary">back to summary</a></p>
<h3 id="m27">com.epam.testng.parameterizedtests.DivLongsTest#testLongDiv</h3><table class="result"><tr><th class="invisible"/></tr></table><p class="totop"><a href="#summary">back to summary</a></p>
<h2>CosinusTest</h2><h3 id="m28">com.epam.testng.basictests.BasicCosTest#testNegativeAngle</h3><table class="result"><tr><th>Exception</th></tr><tr><td><div class="stacktrace">java.lang.AssertionError: Invalid operation result expected [0.9986295347545738] but found [-0.05233595624294383]
	at com.epam.testng.basictests.BasicCosTest.testNegativeAngle(BasicCosTest.java:34)
	at java.util.concurrent.ThreadPoolExecutor.runWorker(ThreadPoolExecutor.java:1149)
	at java.util.concurrent.ThreadPoolExecutor$Worker.run(ThreadPoolExecutor.java:624)
	at java.lang.Thread.run(Thread.java:748)
... Removed 14 stack frames</div></td></tr></table><p class="totop"><a href="#summary">back to summary</a></p>
<h3 id="m29">com.epam.testng.parameterizedtests.CosTest#testAngles</h3><table class="result"><tr><th>Exception</th></tr><tr><td><div class="stacktrace">java.lang.AssertionError: Invalid operation result expected [0.9999984769132877] but found [0.0017453283658983088]
	at com.epam.testng.parameterizedtests.CosTest.testAngles(CosTest.java:22)
	at java.util.concurrent.ThreadPoolExecutor.runWorker(ThreadPoolExecutor.java:1149)
	at java.util.concurrent.ThreadPoolExecutor$Worker.run(ThreadPoolExecutor.java:624)
	at java.lang.Thread.run(Thread.java:748)
... Removed 14 stack frames</div></td></tr></table><p class="totop"><a href="#summary">back to summary</a></p>
<h3 id="m30">com.epam.testng.parameterizedtests.CosTest#testAngles</h3><table class="result"><tr><th>Exception</th></tr><tr><td><div class="stacktrace">java.lang.AssertionError: Invalid operation result expected [-0.1736481776669303] but found [-0.984807753012208]
	at com.epam.testng.parameterizedtests.CosTest.testAngles(CosTest.java:22)
	at java.util.concurrent.ThreadPoolExecutor.runWorker(ThreadPoolExecutor.java:1149)
	at java.util.concurrent.ThreadPoolExecutor$Worker.run(ThreadPoolExecutor.java:624)
	at java.lang.Thread.run(Thread.java:748)
... Removed 14 stack frames</div></td></tr></table><p class="totop"><a href="#summary">back to summary</a></p>
<h3 id="m31">com.epam.testng.parameterizedtests.CosTest#testAngles</h3><table class="result"><tr><th>Exception</th></tr><tr><td><div class="stacktrace">java.lang.AssertionError: Invalid operation result expected [-0.9135454576426004] but found [0.4067366430758013]
	at com.epam.testng.parameterizedtests.CosTest.testAngles(CosTest.java:22)
	at java.util.concurrent.ThreadPoolExecutor.runWorker(ThreadPoolExecutor.java:1149)
	at java.util.concurrent.ThreadPoolExecutor$Worker.run(ThreadPoolExecutor.java:624)
	at java.lang.Thread.run(Thread.java:748)
... Removed 14 stack frames</div></td></tr></table><p class="totop"><a href="#summary">back to summary</a></p>
<h2>SinusTest</h2><h3 id="m32">com.epam.testng.basictests.BasicSinTest#testNegativeAngle</h3><table class="result"><tr><th class="invisible"/></tr></table><p class="totop"><a href="#summary">back to summary</a></p>
<h3 id="m33">com.epam.testng.parameterizedtests.SinTest#testAngles</h3><table class="result"><tr><th class="invisible"/></tr></table><p class="totop"><a href="#summary">back to summary</a></p>
<h3 id="m34">com.epam.testng.parameterizedtests.SinTest#testAngles</h3><table class="result"><tr><th class="invisible"/></tr></table><p class="totop"><a href="#summary">back to summary</a></p>
<h3 id="m35">com.epam.testng.parameterizedtests.SinTest#testAngles</h3><table class="result"><tr><th class="invisible"/></tr></table><p class="totop"><a href="#summary">back to summary</a></p>
<h2>CotangentTest</h2><h3 id="m36">com.epam.testng.basictests.BasicCtgTest#testNegativeAngle</h3><table class="result"><tr><th>Exception</th></tr><tr><td><div class="stacktrace">java.lang.AssertionError: Invalid operation result expected [-19.081136687728215] but found [-0.05231208078177015]
	at com.epam.testng.basictests.BasicCtgTest.testNegativeAngle(BasicCtgTest.java:34)
	at java.util.concurrent.ThreadPoolExecutor.runWorker(ThreadPoolExecutor.java:1149)
	at java.util.concurrent.ThreadPoolExecutor$Worker.run(ThreadPoolExecutor.java:624)
	at java.lang.Thread.run(Thread.java:748)
... Removed 14 stack frames</div></td></tr></table><p class="totop"><a href="#summary">back to summary</a></p>
<h3 id="m37">com.epam.testng.parameterizedtests.CtgTest#testAngles</h3><table class="result"><tr><th>Exception</th></tr><tr><td><div class="stacktrace">java.lang.AssertionError: Invalid operation result expected [-2.246036773904209] but found [0.999999999999895]
	at com.epam.testng.parameterizedtests.CtgTest.testAngles(CtgTest.java:22)
	at java.util.concurrent.ThreadPoolExecutor.runWorker(ThreadPoolExecutor.java:1149)
	at java.util.concurrent.ThreadPoolExecutor$Worker.run(ThreadPoolExecutor.java:624)
	at java.lang.Thread.run(Thread.java:748)
... Removed 14 stack frames</div></td></tr></table><p class="totop"><a href="#summary">back to summary</a></p>
<h3 id="m38">com.epam.testng.parameterizedtests.CtgTest#testAngles</h3><table class="result"><tr><th>Exception</th></tr><tr><td><div class="stacktrace">java.lang.AssertionError: Invalid operation result expected [572.9572133542877] but found [0.0017453274798041774]
	at com.epam.testng.parameterizedtests.CtgTest.testAngles(CtgTest.java:22)
	at java.util.concurrent.ThreadPoolExecutor.runWorker(ThreadPoolExecutor.java:1149)
	at java.util.concurrent.ThreadPoolExecutor$Worker.run(ThreadPoolExecutor.java:624)
	at java.lang.Thread.run(Thread.java:748)
... Removed 14 stack frames</div></td></tr></table><p class="totop"><a href="#summary">back to summary</a></p>
<h3 id="m39">com.epam.testng.parameterizedtests.CtgTest#testAngles</h3><table class="result"><tr><th>Exception</th></tr><tr><td><div class="stacktrace">java.lang.AssertionError: Invalid operation result expected [0.17632698070846492] but found [-0.9408416071039944]
	at com.epam.testng.parameterizedtests.CtgTest.testAngles(CtgTest.java:22)
	at java.util.concurrent.ThreadPoolExecutor.runWorker(ThreadPoolExecutor.java:1149)
	at java.util.concurrent.ThreadPoolExecutor$Worker.run(ThreadPoolExecutor.java:624)
	at java.lang.Thread.run(Thread.java:748)
... Removed 14 stack frames</div></td></tr></table><p class="totop"><a href="#summary">back to summary</a></p>
<h2>TangentTest</h2><h3 id="m40">com.epam.testng.basictests.BasicTgTest#testNegativeAngle</h3><table class="result"><tr><th>Exception</th></tr><tr><td><div class="stacktrace">java.lang.AssertionError: Invalid operation result expected [-0.052407779283041196] but found [1.0]
	at com.epam.testng.basictests.BasicTgTest.testNegativeAngle(BasicTgTest.java:35)
	at java.util.concurrent.ThreadPoolExecutor.runWorker(ThreadPoolExecutor.java:1149)
	at java.util.concurrent.ThreadPoolExecutor$Worker.run(ThreadPoolExecutor.java:624)
	at java.lang.Thread.run(Thread.java:748)
... Removed 14 stack frames</div></td></tr></table><p class="totop"><a href="#summary">back to summary</a></p>
<h3 id="m41">com.epam.testng.parameterizedtests.TgTest#testAngles</h3><table class="result"><tr><th>Exception</th></tr><tr><td><div class="stacktrace">java.lang.AssertionError: Invalid operation result expected [5.671281819617711] but found [-0.984807753012208]
	at com.epam.testng.parameterizedtests.TgTest.testAngles(TgTest.java:22)
	at java.util.concurrent.ThreadPoolExecutor.runWorker(ThreadPoolExecutor.java:1149)
	at java.util.concurrent.ThreadPoolExecutor$Worker.run(ThreadPoolExecutor.java:624)
	at java.lang.Thread.run(Thread.java:748)
... Removed 14 stack frames</div></td></tr></table><p class="totop"><a href="#summary">back to summary</a></p>
<h3 id="m42">com.epam.testng.parameterizedtests.TgTest#testAngles</h3><table class="result"><tr><th>Exception</th></tr><tr><td><div class="stacktrace">java.lang.AssertionError: Invalid operation result expected [0.0017453310241888004] but found [0.0017453283658983088]
	at com.epam.testng.parameterizedtests.TgTest.testAngles(TgTest.java:22)
	at java.util.concurrent.ThreadPoolExecutor.runWorker(ThreadPoolExecutor.java:1149)
	at java.util.concurrent.ThreadPoolExecutor$Worker.run(ThreadPoolExecutor.java:624)
	at java.lang.Thread.run(Thread.java:748)
... Removed 14 stack frames</div></td></tr></table><p class="totop"><a href="#summary">back to summary</a></p>
<h3 id="m43">com.epam.testng.parameterizedtests.TgTest#testAngles</h3><table class="result"><tr><th>Exception</th></tr><tr><td><div class="stacktrace">java.lang.AssertionError: Invalid operation result expected [-0.4452286853085376] but found [0.4067366430758013]
	at com.epam.testng.parameterizedtests.TgTest.testAngles(TgTest.java:22)
	at java.util.concurrent.ThreadPoolExecutor.runWorker(ThreadPoolExecutor.java:1149)
	at java.util.concurrent.ThreadPoolExecutor$Worker.run(ThreadPoolExecutor.java:624)
	at java.lang.Thread.run(Thread.java:748)
... Removed 14 stack frames</div></td></tr></table><p class="totop"><a href="#summary">back to summary</a></p>
<h2>NegativesTest</h2><h2>PositivesTest</h2><h2>PowerTest</h2><h3 id="m44">com.epam.testng.basictests.BasicPowTest#testPowTwoOfRation</h3><table class="result"><tr><th>Exception</th></tr><tr><td><div class="stacktrace">java.lang.AssertionError: expected [5.5225] but found [5.522500000000001]
	at com.epam.testng.basictests.BasicPowTest.testPowTwoOfRation(BasicPowTest.java:32)
	at java.util.concurrent.ThreadPoolExecutor.runWorker(ThreadPoolExecutor.java:1149)
	at java.util.concurrent.ThreadPoolExecutor$Worker.run(ThreadPoolExecutor.java:624)
	at java.lang.Thread.run(Thread.java:748)
... Removed 15 stack frames</div></td></tr></table><p class="totop"><a href="#summary">back to summary</a></p>
<h3 id="m45">com.epam.testng.parameterizedtests.PowTest#testPower</h3><table class="result"><tr><th>Exception</th></tr><tr><td><div class="stacktrace">java.lang.AssertionError: Invalid operation result. Please, try again. expected [276748.42984267586] but found [53981.8756]
	at com.epam.testng.parameterizedtests.PowTest.testPower(PowTest.java:23)
	at java.util.concurrent.ThreadPoolExecutor.runWorker(ThreadPoolExecutor.java:1149)
	at java.util.concurrent.ThreadPoolExecutor$Worker.run(ThreadPoolExecutor.java:624)
	at java.lang.Thread.run(Thread.java:748)
... Removed 14 stack frames</div></td></tr></table><p class="totop"><a href="#summary">back to summary</a></p>
<h3 id="m46">com.epam.testng.parameterizedtests.PowTest#testPower</h3><table class="result"><tr><th class="invisible"/></tr></table><p class="totop"><a href="#summary">back to summary</a></p>
<h3 id="m47">com.epam.testng.parameterizedtests.PowTest#testPower</h3><table class="result"><tr><th class="invisible"/></tr></table><p class="totop"><a href="#summary">back to summary</a></p>
<h3 id="m48">com.epam.testng.parameterizedtests.PowTest#testPower</h3><table class="result"><tr><th class="invisible"/></tr></table><p class="totop"><a href="#summary">back to summary</a></p>
<h3 id="m49">com.epam.testng.parameterizedtests.PowTest#testPower</h3><table class="result"><tr><th class="invisible"/></tr></table><p class="totop"><a href="#summary">back to summary</a></p>
<h2>SquareRootTest</h2><h3 id="m50">com.epam.testng.basictests.BasicSqrtTest#testNegativeNumbers</h3><table class="result"><tr><th>Exception</th></tr><tr><td><div class="stacktrace">java.lang.AssertionError: Invalid operation result expected [true] but found [false]
	at com.epam.testng.basictests.BasicSqrtTest.testNegativeNumbers(BasicSqrtTest.java:20)
	at java.util.concurrent.ThreadPoolExecutor.runWorker(ThreadPoolExecutor.java:1149)
	at java.util.concurrent.ThreadPoolExecutor$Worker.run(ThreadPoolExecutor.java:624)
	at java.lang.Thread.run(Thread.java:748)
... Removed 13 stack frames</div></td></tr></table><p class="totop"><a href="#summary">back to summary</a></p>
<h3 id="m51">com.epam.testng.parameterizedtests.SqrtTest#testLongMult</h3><table class="result"><tr><th class="invisible"/></tr></table><p class="totop"><a href="#summary">back to summary</a></p>
<h3 id="m52">com.epam.testng.parameterizedtests.SqrtTest#testLongMult</h3><table class="result"><tr><th class="invisible"/></tr></table><p class="totop"><a href="#summary">back to summary</a></p>
<h3 id="m53">com.epam.testng.parameterizedtests.SqrtTest#testLongMult</h3><table class="result"><tr><th class="invisible"/></tr></table><p class="totop"><a href="#summary">back to summary</a></p>
<h2>AdditionTest</h2><h3 id="m54">com.epam.testng.basictests.BasicSumDoublesTest#sumNegativeLongs</h3><table class="result"><tr><th class="invisible"/></tr></table><p class="totop"><a href="#summary">back to summary</a></p>
<h3 id="m55">com.epam.testng.basictests.BasicSumDoublesTest#sumPositiveAndNegativeLongs</h3><table class="result"><tr><th class="invisible"/></tr></table><p class="totop"><a href="#summary">back to summary</a></p>
<h3 id="m56">com.epam.testng.basictests.BasicSumDoublesTest#sumPositiveLongs</h3><table class="result"><tr><th class="invisible"/></tr></table><p class="totop"><a href="#summary">back to summary</a></p>
<h3 id="m57">com.epam.testng.basictests.BasicSumLongsTest#sumNegativeLongs</h3><table class="result"><tr><th class="invisible"/></tr></table><p class="totop"><a href="#summary">back to summary</a></p>
<h3 id="m58">com.epam.testng.basictests.BasicSumLongsTest#sumPositiveAndNegativeLongs</h3><table class="result"><tr><th class="invisible"/></tr></table><p class="totop"><a href="#summary">back to summary</a></p>
<h3 id="m59">com.epam.testng.basictests.BasicSumLongsTest#sumPositiveLongs</h3><table class="result"><tr><th class="invisible"/></tr></table><p class="totop"><a href="#summary">back to summary</a></p>
<h3 id="m60">com.epam.testng.parameterizedtests.SumDoublesTest#sumNegativeLongs</h3><table class="result"><tr class="param"><th>Parameter #1</th><th>Parameter #2</th><th>Parameter #3</th></tr><tr class="param stripe"><td>-1.7976931348623157E308</td><td>-1</td><td>-1.7976931348623157E308</td></tr></table><p class="totop"><a href="#summary">back to summary</a></p>
<h3 id="m61">com.epam.testng.parameterizedtests.SumDoublesTest#sumNegativeLongs</h3><table class="result"><tr class="param"><th>Parameter #1</th><th>Parameter #2</th><th>Parameter #3</th></tr><tr class="param stripe"><td>-1.0</td><td>-2.56</td><td>-3.56</td></tr></table><p class="totop"><a href="#summary">back to summary</a></p>
<h3 id="m62">com.epam.testng.parameterizedtests.SumDoublesTest#sumNegativeLongs</h3><table class="result"><tr class="param"><th>Parameter #1</th><th>Parameter #2</th><th>Parameter #3</th></tr><tr class="param stripe"><td>-50</td><td>0</td><td>-50.0</td></tr></table><p class="totop"><a href="#summary">back to summary</a></p>
<h3 id="m63">com.epam.testng.parameterizedtests.SumLongsTest#sumNegativeLongs</h3><table class="result"><tr class="param"><th>Parameter #1</th><th>Parameter #2</th><th>Parameter #3</th></tr><tr class="param stripe"><td>-20</td><td>-15</td><td>-35</td></tr></table><p class="totop"><a href="#summary">back to summary</a></p>
<h3 id="m64">com.epam.testng.parameterizedtests.SumLongsTest#sumNegativeLongs</h3><table class="result"><tr class="param"><th>Parameter #1</th><th>Parameter #2</th><th>Parameter #3</th></tr><tr class="param stripe"><td>-50</td><td>0</td><td>-50</td></tr></table><p class="totop"><a href="#summary">back to summary</a></p>
<h3 id="m65">com.epam.testng.parameterizedtests.SumLongsTest#sumNegativeLongs</h3><table class="result"><tr class="param"><th>Parameter #1</th><th>Parameter #2</th><th>Parameter #3</th></tr><tr class="param stripe"><td>-2147483646</td><td>-1</td><td>-2147483647</td></tr></table><p class="totop"><a href="#summary">back to summary</a></p>
<h2>SubtractionTest</h2><h3 id="m66">com.epam.testng.basictests.BasicSubDoublesTest#subNegativeLongs</h3><table class="result"><tr><th class="invisible"/></tr></table><p class="totop"><a href="#summary">back to summary</a></p>
<h3 id="m67">com.epam.testng.basictests.BasicSubDoublesTest#subPositiveAndNegativeLongs</h3><table class="result"><tr><th class="invisible"/></tr></table><p class="totop"><a href="#summary">back to summary</a></p>
<h3 id="m68">com.epam.testng.basictests.BasicSubDoublesTest#subPositiveLongs</h3><table class="result"><tr><th class="invisible"/></tr></table><p class="totop"><a href="#summary">back to summary</a></p>
<h3 id="m69">com.epam.testng.basictests.BasicSubLongsTest#subNegativeLongs</h3><table class="result"><tr><th class="invisible"/></tr></table><p class="totop"><a href="#summary">back to summary</a></p>
<h3 id="m70">com.epam.testng.basictests.BasicSubLongsTest#subPositiveAndNegativeLongs</h3><table class="result"><tr><th class="invisible"/></tr></table><p class="totop"><a href="#summary">back to summary</a></p>
<h3 id="m71">com.epam.testng.basictests.BasicSubLongsTest#subPositiveLongs</h3><table class="result"><tr><th class="invisible"/></tr></table><p class="totop"><a href="#summary">back to summary</a></p>
<h3 id="m72">com.epam.testng.parameterizedtests.SubDoublesTest#suNegativeLongs</h3><table class="result"><tr class="param"><th>Parameter #1</th><th>Parameter #2</th><th>Parameter #3</th></tr><tr class="param stripe"><td>-1.7976931348623157</td><td>-1</td><td>-0.7976931348623157</td></tr></table><p class="totop"><a href="#summary">back to summary</a></p>
<h3 id="m73">com.epam.testng.parameterizedtests.SubDoublesTest#suNegativeLongs</h3><table class="result"><tr class="param"><th>Parameter #1</th><th>Parameter #2</th><th>Parameter #3</th></tr><tr class="param stripe"><td>-50</td><td>0</td><td>-50.0</td></tr></table><p class="totop"><a href="#summary">back to summary</a></p>
<h3 id="m74">com.epam.testng.parameterizedtests.SubDoublesTest#suNegativeLongs</h3><table class="result"><tr class="param"><th>Parameter #1</th><th>Parameter #2</th><th>Parameter #3</th></tr><tr class="param stripe"><td>-1.0</td><td>-2.56</td><td>1.56</td></tr></table><p class="totop"><a href="#summary">back to summary</a></p>
<h3 id="m75">com.epam.testng.parameterizedtests.SubLongsTest#subNegativeLongs</h3><table class="result"><tr class="param"><th>Parameter #1</th><th>Parameter #2</th><th>Parameter #3</th></tr><tr class="param stripe"><td>-20</td><td>-15</td><td>-5</td></tr></table><p class="totop"><a href="#summary">back to summary</a></p>
<h3 id="m76">com.epam.testng.parameterizedtests.SubLongsTest#subNegativeLongs</h3><table class="result"><tr class="param"><th>Parameter #1</th><th>Parameter #2</th><th>Parameter #3</th></tr><tr class="param stripe"><td>-2147483646</td><td>-1</td><td>-2147483645</td></tr></table><p class="totop"><a href="#summary">back to summary</a></p>
<h3 id="m77">com.epam.testng.parameterizedtests.SubLongsTest#subNegativeLongs</h3><table class="result"><tr class="param"><th>Parameter #1</th><th>Parameter #2</th><th>Parameter #3</th></tr><tr class="param stripe"><td>-50</td><td>0</td><td>-50</td></tr></table><p class="totop"><a href="#summary">back to summary</a></p>
<h2>MultiplicationTest</h2><h3 id="m78">com.epam.testng.basictests.BasicMultDoublesTest#multPositiveDoubles</h3><table class="result"><tr><th class="invisible"/></tr></table><p class="totop"><a href="#summary">back to summary</a></p>
<h3 id="m79">com.epam.testng.basictests.BasicMultLongsTest#multPositiveLongs</h3><table class="result"><tr><th class="invisible"/></tr></table><p class="totop"><a href="#summary">back to summary</a></p>
<h2>DivisionTest</h2><h3 id="m80">com.epam.testng.basictests.BasicDivLongsTest#dividePositiveValues</h3><table class="result"><tr><th>Exception</th></tr><tr><td><div class="stacktrace">java.lang.AssertionError: Invalid result of operation expected [2.666666666666667] but found [2]
	at com.epam.testng.basictests.BasicDivLongsTest.dividePositiveValues(BasicDivLongsTest.java:12)
	at java.util.concurrent.ThreadPoolExecutor.runWorker(ThreadPoolExecutor.java:1149)
	at java.util.concurrent.ThreadPoolExecutor$Worker.run(ThreadPoolExecutor.java:624)
	at java.lang.Thread.run(Thread.java:748)
... Removed 14 stack frames</div></td></tr></table><p class="totop"><a href="#summary">back to summary</a></p>
<h3 id="m81">com.epam.testng.basictests.BasicDivDoublesTest#divideByZero</h3><table class="result"><tr><th class="invisible"/></tr></table><p class="totop"><a href="#summary">back to summary</a></p>
<h3 id="m82">com.epam.testng.basictests.BasicDivDoublesTest#dividePositiveValues</h3><table class="result"><tr><th class="invisible"/></tr></table><p class="totop"><a href="#summary">back to summary</a></p>
<h3 id="m83">com.epam.testng.basictests.BasicDivLongsTest#checkDivisionByZeroThrowsException</h3><table class="result"><tr><th>Expected Exception</th></tr><tr><td><div class="stacktrace">java.lang.NumberFormatException: Attempt to divide by zero
	at com.epam.tat.module4.Calculator.div(Calculator.java:34)
	at com.epam.testng.basictests.BasicDivLongsTest.checkDivisionByZeroThrowsException(BasicDivLongsTest.java:30)
	at java.util.concurrent.ThreadPoolExecutor.runWorker(ThreadPoolExecutor.java:1149)
	at java.util.concurrent.ThreadPoolExecutor$Worker.run(ThreadPoolExecutor.java:624)
	at java.lang.Thread.run(Thread.java:748)
... Removed 10 stack frames</div></td></tr></table><p class="totop"><a href="#summary">back to summary</a></p>
<h2>CosinusTest</h2><h3 id="m84">com.epam.testng.basictests.BasicCosTest#testAnotherAngle</h3><table class="result"><tr><th>Exception</th></tr><tr><td><div class="stacktrace">java.lang.AssertionError: Invalid operation result expected [-0.3420201433256694] but found [-0.9396926207859082]
	at com.epam.testng.basictests.BasicCosTest.testAnotherAngle(BasicCosTest.java:20)
	at java.util.concurrent.ThreadPoolExecutor.runWorker(ThreadPoolExecutor.java:1149)
	at java.util.concurrent.ThreadPoolExecutor$Worker.run(ThreadPoolExecutor.java:624)
	at java.lang.Thread.run(Thread.java:748)
... Removed 14 stack frames</div></td></tr></table><p class="totop"><a href="#summary">back to summary</a></p>
<h3 id="m85">com.epam.testng.basictests.BasicCosTest#testZeroAngle</h3><table class="result"><tr><th>Exception</th></tr><tr><td><div class="stacktrace">java.lang.AssertionError: Invalid operation result expected [1.0] but found [0.0]
	at com.epam.testng.basictests.BasicCosTest.testZeroAngle(BasicCosTest.java:13)
	at java.util.concurrent.ThreadPoolExecutor.runWorker(ThreadPoolExecutor.java:1149)
	at java.util.concurrent.ThreadPoolExecutor$Worker.run(ThreadPoolExecutor.java:624)
	at java.lang.Thread.run(Thread.java:748)
... Removed 14 stack frames</div></td></tr></table><p class="totop"><a href="#summary">back to summary</a></p>
<h2>SinusTest</h2><h3 id="m86">com.epam.testng.basictests.BasicSinTest#testAnotherAngle</h3><table class="result"><tr><th class="invisible"/></tr></table><p class="totop"><a href="#summary">back to summary</a></p>
<h3 id="m87">com.epam.testng.basictests.BasicSinTest#testZeroAngle</h3><table class="result"><tr><th class="invisible"/></tr></table><p class="totop"><a href="#summary">back to summary</a></p>
<h2>CotangentTest</h2><h3 id="m88">com.epam.testng.basictests.BasicCtgTest#testAnotherAngle</h3><table class="result"><tr><th>Exception</th></tr><tr><td><div class="stacktrace">java.lang.AssertionError: Invalid operation result expected [0.363970234266202] but found [0.9996756415322439]
	at com.epam.testng.basictests.BasicCtgTest.testAnotherAngle(BasicCtgTest.java:20)
	at java.util.concurrent.ThreadPoolExecutor.runWorker(ThreadPoolExecutor.java:1149)
	at java.util.concurrent.ThreadPoolExecutor$Worker.run(ThreadPoolExecutor.java:624)
	at java.lang.Thread.run(Thread.java:748)
... Removed 14 stack frames</div></td></tr></table><p class="totop"><a href="#summary">back to summary</a></p>
<h3 id="m89">com.epam.testng.basictests.BasicCtgTest#testZeroAngle</h3><table class="result"><tr><th>Exception</th></tr><tr><td><div class="stacktrace">java.lang.AssertionError: Invalid operation result expected [Infinity] but found [0.0]
	at com.epam.testng.basictests.BasicCtgTest.testZeroAngle(BasicCtgTest.java:13)
	at java.util.concurrent.ThreadPoolExecutor.runWorker(ThreadPoolExecutor.java:1149)
	at java.util.concurrent.ThreadPoolExecutor$Worker.run(ThreadPoolExecutor.java:624)
	at java.lang.Thread.run(Thread.java:748)
... Removed 14 stack frames</div></td></tr></table><p class="totop"><a href="#summary">back to summary</a></p>
<h2>TangentTest</h2><h3 id="m90">com.epam.testng.basictests.BasicTgTest#testAnotherAngle</h3><table class="result"><tr><th>Exception</th></tr><tr><td><div class="stacktrace">java.lang.AssertionError: Invalid operation result expected [2.7474774194546168] but found [1.0]
	at com.epam.testng.basictests.BasicTgTest.testAnotherAngle(BasicTgTest.java:21)
	at java.util.concurrent.ThreadPoolExecutor.runWorker(ThreadPoolExecutor.java:1149)
	at java.util.concurrent.ThreadPoolExecutor$Worker.run(ThreadPoolExecutor.java:624)
	at java.lang.Thread.run(Thread.java:748)
... Removed 14 stack frames</div></td></tr></table><p class="totop"><a href="#summary">back to summary</a></p>
<h3 id="m91">com.epam.testng.basictests.BasicTgTest#testZeroAngle</h3><table class="result"><tr><th>Exception</th></tr><tr><td><div class="stacktrace">java.lang.AssertionError: Invalid operation result expected [0.0] but found [NaN]
	at com.epam.testng.basictests.BasicTgTest.testZeroAngle(BasicTgTest.java:14)
	at java.util.concurrent.ThreadPoolExecutor.runWorker(ThreadPoolExecutor.java:1149)
	at java.util.concurrent.ThreadPoolExecutor$Worker.run(ThreadPoolExecutor.java:624)
	at java.lang.Thread.run(Thread.java:748)
... Removed 14 stack frames</div></td></tr></table><p class="totop"><a href="#summary">back to summary</a></p>
<h2>NegativesTest</h2><h3 id="m92">com.epam.testng.basictests.BasicNegativeNumbersTest#checkValueNegative</h3><table class="result"><tr><th class="invisible"/></tr></table><p class="totop"><a href="#summary">back to summary</a></p>
<h3 id="m93">com.epam.testng.basictests.BasicNegativeNumbersTest#checkValuePositive</h3><table class="result"><tr><th class="invisible"/></tr></table><p class="totop"><a href="#summary">back to summary</a></p>
<h3 id="m94">com.epam.testng.basictests.BasicNegativeNumbersTest#checkZero</h3><table class="result"><tr><th class="invisible"/></tr></table><p class="totop"><a href="#summary">back to summary</a></p>
<h2>PositivesTest</h2><h3 id="m95">com.epam.testng.basictests.BasicPositiveNumbersTest#checkValueNegative</h3><table class="result"><tr><th class="invisible"/></tr></table><p class="totop"><a href="#summary">back to summary</a></p>
<h3 id="m96">com.epam.testng.basictests.BasicPositiveNumbersTest#checkValuePositive</h3><table class="result"><tr><th class="invisible"/></tr></table><p class="totop"><a href="#summary">back to summary</a></p>
<h3 id="m97">com.epam.testng.basictests.BasicPositiveNumbersTest#checkZero</h3><table class="result"><tr><th class="invisible"/></tr></table><p class="totop"><a href="#summary">back to summary</a></p>
<h2>PowerTest</h2><h3 id="m98">com.epam.testng.basictests.BasicPowTest#testPowOne</h3><table class="result"><tr><th class="invisible"/></tr></table><p class="totop"><a href="#summary">back to summary</a></p>
<h3 id="m99">com.epam.testng.basictests.BasicPowTest#testPowTwo</h3><table class="result"><tr><th class="invisible"/></tr></table><p class="totop"><a href="#summary">back to summary</a></p>
<h2>SquareRootTest</h2><h3 id="m100">com.epam.testng.basictests.BasicSqrtTest#testPositiveNumbers</h3><table class="result"><tr><th class="invisible"/></tr></table><p class="totop"><a href="#summary">back to summary</a></p>
<h2>AdditionTest</h2><h3 id="m101">com.epam.testng.parameterizedtests.SumLongsTest#sumPositiveLongs</h3><table class="result"><tr><th>Exception</th></tr><tr><td><div class="stacktrace">org.testng.internal.reflect.MethodMatcherException: 
Data provider mismatch
Method: sumPositiveLongs([Parameter{index=0, type=long, declaredAnnotations=[]}, Parameter{index=1, type=long, declaredAnnotations=[]}, Parameter{index=2, type=long, declaredAnnotations=[]}])
Arguments: [(java.lang.Long) 9223372036854775807,(java.lang.Long) 9223372036854775807,(java.lang.Double) 1.8446744E19]
	at java.util.concurrent.ThreadPoolExecutor.runWorker(ThreadPoolExecutor.java:1149)
	at java.util.concurrent.ThreadPoolExecutor$Worker.run(ThreadPoolExecutor.java:624)
	at java.lang.Thread.run(Thread.java:748)
... Removed 5 stack frames</div></td></tr></table><p class="totop"><a href="#summary">back to summary</a></p>
<h3 id="m102">com.epam.testng.parameterizedtests.SumDoublesTest#sumPositiveLongs</h3><table class="result"><tr class="param"><th>Parameter #1</th><th>Parameter #2</th><th>Parameter #3</th></tr><tr class="param stripe"><td>2147483647</td><td>1.0</td><td>2.147483648E9</td></tr></table><p class="totop"><a href="#summary">back to summary</a></p>
<h3 id="m103">com.epam.testng.parameterizedtests.SumDoublesTest#sumPositiveLongs</h3><table class="result"><tr class="param"><th>Parameter #1</th><th>Parameter #2</th><th>Parameter #3</th></tr><tr class="param stripe"><td>1.19</td><td>2.56</td><td>3.75</td></tr></table><p class="totop"><a href="#summary">back to summary</a></p>
<h3 id="m104">com.epam.testng.parameterizedtests.SumDoublesTest#sumPositiveLongs</h3><table class="result"><tr class="param"><th>Parameter #1</th><th>Parameter #2</th><th>Parameter #3</th></tr><tr class="param stripe"><td>50.1</td><td>0</td><td>50.1</td></tr></table><p class="totop"><a href="#summary">back to summary</a></p>
<h3 id="m105">com.epam.testng.parameterizedtests.SumLongsTest#sumPositiveLongs</h3><table class="result"><tr class="param"><th>Parameter #1</th><th>Parameter #2</th><th>Parameter #3</th></tr><tr class="param stripe"><td>99</td><td>99</td><td>198</td></tr></table><p class="totop"><a href="#summary">back to summary</a></p>
<h2>SubtractionTest</h2><h3 id="m106">com.epam.testng.parameterizedtests.SubLongsTest#subPositiveLongs</h3><table class="result"><tr class="param"><th>Parameter #1</th><th>Parameter #2</th><th>Parameter #3</th></tr><tr class="param stripe"><td>2147483647</td><td>1</td><td>2147483646</td></tr><tr><th colspan="3">Exception</th></tr><tr><td colspan="3"><div class="stacktrace">org.testng.TestException: 
	at java.util.concurrent.ThreadPoolExecutor.runWorker(ThreadPoolExecutor.java:1149)
	at java.util.concurrent.ThreadPoolExecutor$Worker.run(ThreadPoolExecutor.java:624)
	at java.lang.Thread.run(Thread.java:748)
... Removed 8 stack frames</div></td></tr></table><p class="totop"><a href="#summary">back to summary</a></p>
<h3 id="m107">com.epam.testng.parameterizedtests.SubLongsTest#subPositiveLongs</h3><table class="result"><tr class="param"><th>Parameter #1</th><th>Parameter #2</th><th>Parameter #3</th></tr><tr class="param stripe"><td>50</td><td>0</td><td>50</td></tr><tr><th colspan="3">Exception</th></tr><tr><td colspan="3"><div class="stacktrace">org.testng.TestException: 
	at java.util.concurrent.ThreadPoolExecutor.runWorker(ThreadPoolExecutor.java:1149)
	at java.util.concurrent.ThreadPoolExecutor$Worker.run(ThreadPoolExecutor.java:624)
	at java.lang.Thread.run(Thread.java:748)
... Removed 8 stack frames</div></td></tr></table><p class="totop"><a href="#summary">back to summary</a></p>
<h3 id="m108">com.epam.testng.parameterizedtests.SubLongsTest#subPositiveLongs</h3><table class="result"><tr class="param"><th>Parameter #1</th><th>Parameter #2</th><th>Parameter #3</th></tr><tr class="param stripe"><td>99</td><td>99</td><td>0</td></tr><tr><th colspan="3">Exception</th></tr><tr><td colspan="3"><div class="stacktrace">org.testng.TestException: 
	at java.util.concurrent.ThreadPoolExecutor.runWorker(ThreadPoolExecutor.java:1149)
	at java.util.concurrent.ThreadPoolExecutor$Worker.run(ThreadPoolExecutor.java:624)
	at java.lang.Thread.run(Thread.java:748)
... Removed 8 stack frames</div></td></tr></table><p class="totop"><a href="#summary">back to summary</a></p>
<h3 id="m109">com.epam.testng.parameterizedtests.SubDoublesTest#subPositiveLongs</h3><table class="result"><tr class="param"><th>Parameter #1</th><th>Parameter #2</th><th>Parameter #3</th></tr><tr class="param stripe"><td>1.19</td><td>2.56</td><td>-1.37</td></tr></table><p class="totop"><a href="#summary">back to summary</a></p>
<h3 id="m110">com.epam.testng.parameterizedtests.SubDoublesTest#subPositiveLongs</h3><table class="result"><tr class="param"><th>Parameter #1</th><th>Parameter #2</th><th>Parameter #3</th></tr><tr class="param stripe"><td>2147483647</td><td>1.0</td><td>2.147483646E9</td></tr></table><p class="totop"><a href="#summary">back to summary</a></p>
<h3 id="m111">com.epam.testng.parameterizedtests.SubDoublesTest#subPositiveLongs</h3><table class="result"><tr class="param"><th>Parameter #1</th><th>Parameter #2</th><th>Parameter #3</th></tr><tr class="param stripe"><td>50.1</td><td>0</td><td>50.1</td></tr></table><p class="totop"><a href="#summary">back to summary</a></p>
<h2>MultiplicationTest</h2><h3 id="m112">com.epam.testng.basictests.BasicMultLongsTest#multNegativeLongs</h3><table class="result"><tr><th>Exception</th></tr><tr><td><div class="stacktrace">java.lang.AssertionError: Invalid operation result expected [8.507059173023462E37] but found [1]
	at com.epam.testng.basictests.BasicMultLongsTest.multNegativeLongs(BasicMultLongsTest.java:20)
	at java.util.concurrent.ThreadPoolExecutor.runWorker(ThreadPoolExecutor.java:1149)
	at java.util.concurrent.ThreadPoolExecutor$Worker.run(ThreadPoolExecutor.java:624)
	at java.lang.Thread.run(Thread.java:748)
... Removed 14 stack frames</div></td></tr></table><p class="totop"><a href="#summary">back to summary</a></p>
<h3 id="m113">com.epam.testng.basictests.BasicMultDoublesTest#multNegativeLongs</h3><table class="result"><tr><th class="invisible"/></tr></table><p class="totop"><a href="#summary">back to summary</a></p>
<h2>DivisionTest</h2><h3 id="m114">com.epam.testng.basictests.BasicDivDoublesTest#divideNegativeValues</h3><table class="result"><tr><th class="invisible"/></tr></table><p class="totop"><a href="#summary">back to summary</a></p>
<h3 id="m115">com.epam.testng.basictests.BasicDivLongsTest#divideNegativeValues</h3><table class="result"><tr><th class="invisible"/></tr></table><p class="totop"><a href="#summary">back to summary</a></p>
<h2>CosinusTest</h2><h3 id="m116">com.epam.testng.basictests.BasicCosTest#testFullRotationAnglePlusOne</h3><table class="result"><tr><th>Exception</th></tr><tr><td><div class="stacktrace">java.lang.AssertionError: Invalid operation result expected [0.9998476951563913] but found [0.01745240643728307]
	at com.epam.testng.basictests.BasicCosTest.testFullRotationAnglePlusOne(BasicCosTest.java:27)
	at java.util.concurrent.ThreadPoolExecutor.runWorker(ThreadPoolExecutor.java:1149)
	at java.util.concurrent.ThreadPoolExecutor$Worker.run(ThreadPoolExecutor.java:624)
	at java.lang.Thread.run(Thread.java:748)
... Removed 14 stack frames</div></td></tr></table><p class="totop"><a href="#summary">back to summary</a></p>
<h2>SinusTest</h2><h3 id="m117">com.epam.testng.basictests.BasicSinTest#testFullRotationAngle</h3><table class="result"><tr><th class="invisible"/></tr></table><p class="totop"><a href="#summary">back to summary</a></p>
<h2>CotangentTest</h2><h3 id="m118">com.epam.testng.basictests.BasicCtgTest#testFullRotationAnglePlusOne</h3><table class="result"><tr><th>Exception</th></tr><tr><td><div class="stacktrace">java.lang.AssertionError: Invalid operation result expected [57.289961630760885] but found [0.999993264600188]
	at com.epam.testng.basictests.BasicCtgTest.testFullRotationAnglePlusOne(BasicCtgTest.java:27)
	at java.util.concurrent.ThreadPoolExecutor.runWorker(ThreadPoolExecutor.java:1149)
	at java.util.concurrent.ThreadPoolExecutor$Worker.run(ThreadPoolExecutor.java:624)
	at java.lang.Thread.run(Thread.java:748)
... Removed 14 stack frames</div></td></tr></table><p class="totop"><a href="#summary">back to summary</a></p>
<h2>TangentTest</h2><h3 id="m119">com.epam.testng.basictests.BasicTgTest#testFullRotationAnglePlusOne</h3><table class="result"><tr><th>Exception</th></tr><tr><td><div class="stacktrace">java.lang.AssertionError: Invalid operation result expected [0.017455064928217145] but found [1.0]
	at com.epam.testng.basictests.BasicTgTest.testFullRotationAnglePlusOne(BasicTgTest.java:28)
	at java.util.concurrent.ThreadPoolExecutor.runWorker(ThreadPoolExecutor.java:1149)
	at java.util.concurrent.ThreadPoolExecutor$Worker.run(ThreadPoolExecutor.java:624)
	at java.lang.Thread.run(Thread.java:748)
... Removed 14 stack frames</div></td></tr></table><p class="totop"><a href="#summary">back to summary</a></p>
<h2>NegativesTest</h2><h3 id="m120">com.epam.testng.parameterizedtests.NegativeNumbersTest#checkValuePositive</h3><table class="result"><tr><th class="invisible"/></tr></table><p class="totop"><a href="#summary">back to summary</a></p>
<h3 id="m121">com.epam.testng.parameterizedtests.NegativeNumbersTest#checkValuePositive</h3><table class="result"><tr><th class="invisible"/></tr></table><p class="totop"><a href="#summary">back to summary</a></p>
<h3 id="m122">com.epam.testng.parameterizedtests.NegativeNumbersTest#checkValuePositive</h3><table class="result"><tr><th class="invisible"/></tr></table><p class="totop"><a href="#summary">back to summary</a></p>
<h3 id="m123">com.epam.testng.parameterizedtests.NegativeNumbersTest#checkValuePositive</h3><table class="result"><tr><th class="invisible"/></tr></table><p class="totop"><a href="#summary">back to summary</a></p>
<h3 id="m124">com.epam.testng.parameterizedtests.NegativeNumbersTest#checkValuePositive</h3><table class="result"><tr><th class="invisible"/></tr></table><p class="totop"><a href="#summary">back to summary</a></p>
<h2>PositivesTest</h2><h3 id="m125">com.epam.testng.parameterizedtests.PositiveNumbersTest#checkValuePositive</h3><table class="result"><tr><th class="invisible"/></tr></table><p class="totop"><a href="#summary">back to summary</a></p>
<h3 id="m126">com.epam.testng.parameterizedtests.PositiveNumbersTest#checkValuePositive</h3><table class="result"><tr><th class="invisible"/></tr></table><p class="totop"><a href="#summary">back to summary</a></p>
<h3 id="m127">com.epam.testng.parameterizedtests.PositiveNumbersTest#checkValuePositive</h3><table class="result"><tr><th class="invisible"/></tr></table><p class="totop"><a href="#summary">back to summary</a></p>
<h3 id="m128">com.epam.testng.parameterizedtests.PositiveNumbersTest#checkValuePositive</h3><table class="result"><tr><th class="invisible"/></tr></table><p class="totop"><a href="#summary">back to summary</a></p>
<h3 id="m129">com.epam.testng.parameterizedtests.PositiveNumbersTest#checkValuePositive</h3><table class="result"><tr><th class="invisible"/></tr></table><p class="totop"><a href="#summary">back to summary</a></p>
<h2>PowerTest</h2><h3 id="m130">com.epam.testng.basictests.BasicPowTest#testPowNegativeTwo</h3><table class="result"><tr><th class="invisible"/></tr></table><p class="totop"><a href="#summary">back to summary</a></p>
<h2>SquareRootTest</h2><h3 id="m131">com.epam.testng.basictests.BasicSqrtTest#testZero</h3><table class="result"><tr><th class="invisible"/></tr></table><p class="totop"><a href="#summary">back to summary</a></p>
</body>
</html>
