<?xml version="1.0" encoding="UTF-8"?>
<testng-results skipped="0" failed="2" ignored="0" total="9" passed="7">
  <reporter-output>
  </reporter-output>
  <suite name="Default suite" duration-ms="162" started-at="2017-12-17T11:09:00Z" finished-at="2017-12-17T11:09:00Z">
    <groups>
      <group name="doubles">
        <method signature="SumDoublesTest.sumNegativeLongs(double, double, double)[pri:0, instance:com.epam.testng.parameterizedtests.SumDoublesTest@29774679]" name="sumNegativeLongs" class="com.epam.testng.parameterizedtests.SumDoublesTest"/>
        <method signature="SumDoublesTest.sumPositiveAndNegativeLongs(double, double, double)[pri:0, instance:com.epam.testng.parameterizedtests.SumDoublesTest@29774679]" name="sumPositiveAndNegativeLongs" class="com.epam.testng.parameterizedtests.SumDoublesTest"/>
        <method signature="SumDoublesTest.sumPositiveLongs(double, double, double)[pri:0, instance:com.epam.testng.parameterizedtests.SumDoublesTest@29774679]" name="sumPositiveLongs" class="com.epam.testng.parameterizedtests.SumDoublesTest"/>
      </group> <!-- doubles -->
      <group name="smoke">
        <method signature="SumDoublesTest.sumNegativeLongs(double, double, double)[pri:0, instance:com.epam.testng.parameterizedtests.SumDoublesTest@29774679]" name="sumNegativeLongs" class="com.epam.testng.parameterizedtests.SumDoublesTest"/>
      </group> <!-- smoke -->
      <group name="criticalPath">
        <method signature="SumDoublesTest.sumPositiveLongs(double, double, double)[pri:0, instance:com.epam.testng.parameterizedtests.SumDoublesTest@29774679]" name="sumPositiveLongs" class="com.epam.testng.parameterizedtests.SumDoublesTest"/>
      </group> <!-- criticalPath -->
      <group name="extended">
        <method signature="SumDoublesTest.sumPositiveAndNegativeLongs(double, double, double)[pri:0, instance:com.epam.testng.parameterizedtests.SumDoublesTest@29774679]" name="sumPositiveAndNegativeLongs" class="com.epam.testng.parameterizedtests.SumDoublesTest"/>
      </group> <!-- extended -->
      <group name="addition">
        <method signature="SumDoublesTest.sumNegativeLongs(double, double, double)[pri:0, instance:com.epam.testng.parameterizedtests.SumDoublesTest@29774679]" name="sumNegativeLongs" class="com.epam.testng.parameterizedtests.SumDoublesTest"/>
        <method signature="SumDoublesTest.sumPositiveAndNegativeLongs(double, double, double)[pri:0, instance:com.epam.testng.parameterizedtests.SumDoublesTest@29774679]" name="sumPositiveAndNegativeLongs" class="com.epam.testng.parameterizedtests.SumDoublesTest"/>
        <method signature="SumDoublesTest.sumPositiveLongs(double, double, double)[pri:0, instance:com.epam.testng.parameterizedtests.SumDoublesTest@29774679]" name="sumPositiveLongs" class="com.epam.testng.parameterizedtests.SumDoublesTest"/>
      </group> <!-- addition -->
    </groups>
    <test name="Default test" duration-ms="162" started-at="2017-12-17T11:09:00Z" finished-at="2017-12-17T11:09:00Z">
      <class name="com.epam.testng.parameterizedtests.SumDoublesTest">
        <test-method status="PASS" signature="setUp()[pri:0, instance:com.epam.testng.parameterizedtests.SumDoublesTest@29774679]" name="setUp" is-config="true" duration-ms="27" started-at="2017-12-17T14:09:00Z" finished-at="2017-12-17T14:09:00Z">
          <reporter-output>
          </reporter-output>
        </test-method> <!-- setUp -->
        <test-method status="PASS" signature="sumNegativeLongs(double, double, double)[pri:0, instance:com.epam.testng.parameterizedtests.SumDoublesTest@29774679]" name="sumNegativeLongs" duration-ms="16" started-at="2017-12-17T14:09:00Z" data-provider="sumNegativeDoubles" finished-at="2017-12-17T14:09:00Z">
          <params>
            <param index="0">
              <value>
                <![CDATA[-1.0]]>
              </value>
            </param>
            <param index="1">
              <value>
                <![CDATA[-2.56]]>
              </value>
            </param>
            <param index="2">
              <value>
                <![CDATA[-3.56]]>
              </value>
            </param>
          </params>
          <reporter-output>
          </reporter-output>
        </test-method> <!-- sumNegativeLongs -->
        <test-method status="PASS" signature="sumNegativeLongs(double, double, double)[pri:0, instance:com.epam.testng.parameterizedtests.SumDoublesTest@29774679]" name="sumNegativeLongs" duration-ms="4" started-at="2017-12-17T14:09:00Z" data-provider="sumNegativeDoubles" finished-at="2017-12-17T14:09:00Z">
          <params>
            <param index="0">
              <value>
                <![CDATA[-1.7976931348623157E308]]>
              </value>
            </param>
            <param index="1">
              <value>
                <![CDATA[-1]]>
              </value>
            </param>
            <param index="2">
              <value>
                <![CDATA[-1.7976931348623157E308]]>
              </value>
            </param>
          </params>
          <reporter-output>
          </reporter-output>
        </test-method> <!-- sumNegativeLongs -->
        <test-method status="PASS" signature="sumNegativeLongs(double, double, double)[pri:0, instance:com.epam.testng.parameterizedtests.SumDoublesTest@29774679]" name="sumNegativeLongs" duration-ms="3" started-at="2017-12-17T14:09:00Z" data-provider="sumNegativeDoubles" finished-at="2017-12-17T14:09:00Z">
          <params>
            <param index="0">
              <value>
                <![CDATA[-50]]>
              </value>
            </param>
            <param index="1">
              <value>
                <![CDATA[0]]>
              </value>
            </param>
            <param index="2">
              <value>
                <![CDATA[-50.0]]>
              </value>
            </param>
          </params>
          <reporter-output>
          </reporter-output>
        </test-method> <!-- sumNegativeLongs -->
        <test-method status="FAIL" signature="sumPositiveAndNegativeLongs(double, double, double)[pri:0, instance:com.epam.testng.parameterizedtests.SumDoublesTest@29774679]" name="sumPositiveAndNegativeLongs" duration-ms="7" started-at="2017-12-17T14:09:00Z" data-provider="sumPositiveAndNegativeDoubles" finished-at="2017-12-17T14:09:00Z">
          <params>
            <param index="0">
              <value>
                <![CDATA[20.01]]>
              </value>
            </param>
            <param index="1">
              <value>
                <![CDATA[-15.45]]>
              </value>
            </param>
            <param index="2">
              <value>
                <![CDATA[4.56]]>
              </value>
            </param>
          </params>
          <exception class="java.lang.AssertionError">
            <message>
              <![CDATA[Invalid operation result expected [4.56] but found [4.560000000000002]]]>
            </message>
            <full-stacktrace>
              <![CDATA[java.lang.AssertionError: Invalid operation result expected [4.56] but found [4.560000000000002]at org.testng.Assert.fail(Assert.java:96)at org.testng.Assert.failNotEquals(Assert.java:776)at org.testng.Assert.assertEqualsImpl(Assert.java:137)at org.testng.Assert.assertEquals(Assert.java:118)at com.epam.testng.parameterizedtests.SumDoublesTest.sumPositiveAndNegativeLongs(SumDoublesTest.java:24)at sun.reflect.NativeMethodAccessorImpl.invoke0(Native Method)at sun.reflect.NativeMethodAccessorImpl.invoke(NativeMethodAccessorImpl.java:62)at sun.reflect.DelegatingMethodAccessorImpl.invoke(DelegatingMethodAccessorImpl.java:43)at java.lang.reflect.Method.invoke(Method.java:498)at org.testng.internal.MethodInvocationHelper.invokeMethod(MethodInvocationHelper.java:124)at org.testng.internal.Invoker.invokeMethod(Invoker.java:571)at org.testng.internal.Invoker.invokeTestMethod(Invoker.java:707)at org.testng.internal.Invoker.invokeTestMethods(Invoker.java:979)at org.testng.internal.TestMethodWorker.invokeTestMethods(TestMethodWorker.java:125)at org.testng.internal.TestMethodWorker.run(TestMethodWorker.java:109)at org.testng.TestRunner.privateRun(TestRunner.java:648)at org.testng.TestRunner.run(TestRunner.java:505)at org.testng.SuiteRunner.runTest(SuiteRunner.java:455)at org.testng.SuiteRunner.runSequentially(SuiteRunner.java:450)at org.testng.SuiteRunner.privateRun(SuiteRunner.java:415)at org.testng.SuiteRunner.run(SuiteRunner.java:364)at org.testng.SuiteRunnerWorker.runSuite(SuiteRunnerWorker.java:52)at org.testng.SuiteRunnerWorker.run(SuiteRunnerWorker.java:84)at org.testng.TestNG.runSuitesSequentially(TestNG.java:1187)at org.testng.TestNG.runSuitesLocally(TestNG.java:1116)at org.testng.TestNG.runSuites(TestNG.java:1028)at org.testng.TestNG.run(TestNG.java:996)at org.testng.remote.AbstractRemoteTestNG.run(AbstractRemoteTestNG.java:114)at org.testng.remote.RemoteTestNG.initAndRun(RemoteTestNG.java:251)at org.testng.remote.RemoteTestNG.main(RemoteTestNG.java:77)]]>
            </full-stacktrace>
          </exception> <!-- java.lang.AssertionError -->
          <reporter-output>
          </reporter-output>
        </test-method> <!-- sumPositiveAndNegativeLongs -->
        <test-method status="FAIL" signature="sumPositiveAndNegativeLongs(double, double, double)[pri:0, instance:com.epam.testng.parameterizedtests.SumDoublesTest@29774679]" name="sumPositiveAndNegativeLongs" duration-ms="12" started-at="2017-12-17T14:09:00Z" data-provider="sumPositiveAndNegativeDoubles" finished-at="2017-12-17T14:09:00Z">
          <params>
            <param index="0">
              <value>
                <![CDATA[2.14748364666E9]]>
              </value>
            </param>
            <param index="1">
              <value>
                <![CDATA[-1.55]]>
              </value>
            </param>
            <param index="2">
              <value>
                <![CDATA[2.14748364511E9]]>
              </value>
            </param>
          </params>
          <exception class="java.lang.AssertionError">
            <message>
              <![CDATA[Invalid operation result expected [2.14748364511E9] but found [2.1474836451100001E9]]]>
            </message>
            <full-stacktrace>
              <![CDATA[java.lang.AssertionError: Invalid operation result expected [2.14748364511E9] but found [2.1474836451100001E9]at org.testng.Assert.fail(Assert.java:96)at org.testng.Assert.failNotEquals(Assert.java:776)at org.testng.Assert.assertEqualsImpl(Assert.java:137)at org.testng.Assert.assertEquals(Assert.java:118)at com.epam.testng.parameterizedtests.SumDoublesTest.sumPositiveAndNegativeLongs(SumDoublesTest.java:24)at sun.reflect.NativeMethodAccessorImpl.invoke0(Native Method)at sun.reflect.NativeMethodAccessorImpl.invoke(NativeMethodAccessorImpl.java:62)at sun.reflect.DelegatingMethodAccessorImpl.invoke(DelegatingMethodAccessorImpl.java:43)at java.lang.reflect.Method.invoke(Method.java:498)at org.testng.internal.MethodInvocationHelper.invokeMethod(MethodInvocationHelper.java:124)at org.testng.internal.Invoker.invokeMethod(Invoker.java:571)at org.testng.internal.Invoker.invokeTestMethod(Invoker.java:707)at org.testng.internal.Invoker.invokeTestMethods(Invoker.java:979)at org.testng.internal.TestMethodWorker.invokeTestMethods(TestMethodWorker.java:125)at org.testng.internal.TestMethodWorker.run(TestMethodWorker.java:109)at org.testng.TestRunner.privateRun(TestRunner.java:648)at org.testng.TestRunner.run(TestRunner.java:505)at org.testng.SuiteRunner.runTest(SuiteRunner.java:455)at org.testng.SuiteRunner.runSequentially(SuiteRunner.java:450)at org.testng.SuiteRunner.privateRun(SuiteRunner.java:415)at org.testng.SuiteRunner.run(SuiteRunner.java:364)at org.testng.SuiteRunnerWorker.runSuite(SuiteRunnerWorker.java:52)at org.testng.SuiteRunnerWorker.run(SuiteRunnerWorker.java:84)at org.testng.TestNG.runSuitesSequentially(TestNG.java:1187)at org.testng.TestNG.runSuitesLocally(TestNG.java:1116)at org.testng.TestNG.runSuites(TestNG.java:1028)at org.testng.TestNG.run(TestNG.java:996)at org.testng.remote.AbstractRemoteTestNG.run(AbstractRemoteTestNG.java:114)at org.testng.remote.RemoteTestNG.initAndRun(RemoteTestNG.java:251)at org.testng.remote.RemoteTestNG.main(RemoteTestNG.java:77)]]>
            </full-stacktrace>
          </exception> <!-- java.lang.AssertionError -->
          <reporter-output>
          </reporter-output>
        </test-method> <!-- sumPositiveAndNegativeLongs -->
        <test-method status="PASS" signature="sumPositiveAndNegativeLongs(double, double, double)[pri:0, instance:com.epam.testng.parameterizedtests.SumDoublesTest@29774679]" name="sumPositiveAndNegativeLongs" duration-ms="2" started-at="2017-12-17T14:09:00Z" data-provider="sumPositiveAndNegativeDoubles" finished-at="2017-12-17T14:09:00Z">
          <params>
            <param index="0">
              <value>
                <![CDATA[1]]>
              </value>
            </param>
            <param index="1">
              <value>
                <![CDATA[-50]]>
              </value>
            </param>
            <param index="2">
              <value>
                <![CDATA[-49.0]]>
              </value>
            </param>
          </params>
          <reporter-output>
          </reporter-output>
        </test-method> <!-- sumPositiveAndNegativeLongs -->
        <test-method status="PASS" signature="sumPositiveLongs(double, double, double)[pri:0, instance:com.epam.testng.parameterizedtests.SumDoublesTest@29774679]" name="sumPositiveLongs" duration-ms="2" started-at="2017-12-17T14:09:00Z" data-provider="sumPositiveDoubles" finished-at="2017-12-17T14:09:00Z">
          <params>
            <param index="0">
              <value>
                <![CDATA[1.19]]>
              </value>
            </param>
            <param index="1">
              <value>
                <![CDATA[2.56]]>
              </value>
            </param>
            <param index="2">
              <value>
                <![CDATA[3.75]]>
              </value>
            </param>
          </params>
          <reporter-output>
          </reporter-output>
        </test-method> <!-- sumPositiveLongs -->
        <test-method status="PASS" signature="sumPositiveLongs(double, double, double)[pri:0, instance:com.epam.testng.parameterizedtests.SumDoublesTest@29774679]" name="sumPositiveLongs" duration-ms="5" started-at="2017-12-17T14:09:00Z" data-provider="sumPositiveDoubles" finished-at="2017-12-17T14:09:00Z">
          <params>
            <param index="0">
              <value>
                <![CDATA[2147483647]]>
              </value>
            </param>
            <param index="1">
              <value>
                <![CDATA[1.0]]>
              </value>
            </param>
            <param index="2">
              <value>
                <![CDATA[2.147483648E9]]>
              </value>
            </param>
          </params>
          <reporter-output>
          </reporter-output>
        </test-method> <!-- sumPositiveLongs -->
        <test-method status="PASS" signature="sumPositiveLongs(double, double, double)[pri:0, instance:com.epam.testng.parameterizedtests.SumDoublesTest@29774679]" name="sumPositiveLongs" duration-ms="3" started-at="2017-12-17T14:09:00Z" data-provider="sumPositiveDoubles" finished-at="2017-12-17T14:09:00Z">
          <params>
            <param index="0">
              <value>
                <![CDATA[50.1]]>
              </value>
            </param>
            <param index="1">
              <value>
                <![CDATA[0]]>
              </value>
            </param>
            <param index="2">
              <value>
                <![CDATA[50.1]]>
              </value>
            </param>
          </params>
          <reporter-output>
          </reporter-output>
        </test-method> <!-- sumPositiveLongs -->
        <test-method status="PASS" signature="printOnFinish()[pri:0, instance:com.epam.testng.parameterizedtests.SumDoublesTest@29774679]" name="printOnFinish" is-config="true" duration-ms="1" started-at="2017-12-17T14:09:00Z" finished-at="2017-12-17T14:09:00Z">
          <reporter-output>
          </reporter-output>
        </test-method> <!-- printOnFinish -->
      </class> <!-- com.epam.testng.parameterizedtests.SumDoublesTest -->
    </test> <!-- Default test -->
  </suite> <!-- Default suite -->
</testng-results>
