<?xml version="1.0" encoding="UTF-8"?>
<!-- Generated by org.testng.reporters.JUnitXMLReporter -->
<testsuite hostname="Tanyas-MacBook-Air.local" ignored="6" name="CosinusTest" tests="1" failures="1" timestamp="15 Dec 2017 11:12:29 GMT" time="0.002" errors="0">
  <testcase name="testFullRotationAnglePlusOne" time="0.001" classname="com.epam.testng.basictests.BasicCosTest">
    <failure type="java.lang.AssertionError" message="Invalid operation result expected [0.9998476951563913] but found [0.01745240643728307]">
      <![CDATA[java.lang.AssertionError: Invalid operation result expected [0.9998476951563913] but found [0.01745240643728307]at com.epam.testng.basictests.BasicCosTest.testFullRotationAnglePlusOne(BasicCosTest.java:27)at java.util.concurrent.ThreadPoolExecutor.runWorker(ThreadPoolExecutor.java:1149)at java.util.concurrent.ThreadPoolExecutor$Worker.run(ThreadPoolExecutor.java:624)at java.lang.Thread.run(Thread.java:748)... Removed 14 stack frames]]>
    </failure>
  </testcase> <!-- testFullRotationAnglePlusOne -->
  <testcase name="testAngles" time="0.0" classname="com.epam.testng.parameterizedtests.CosTest">
    <ignored/>
  </testcase> <!-- testAngles -->
  <testcase name="testAngles" time="0.0" classname="com.epam.testng.parameterizedtests.CosTest">
    <ignored/>
  </testcase> <!-- testAngles -->
  <testcase name="testAngles" time="0.0" classname="com.epam.testng.parameterizedtests.CosTest">
    <ignored/>
  </testcase> <!-- testAngles -->
  <testcase name="testNegativeAngle" time="0.0" classname="com.epam.testng.basictests.BasicCosTest">
    <ignored/>
  </testcase> <!-- testNegativeAngle -->
  <testcase name="testAnotherAngle" time="0.0" classname="com.epam.testng.basictests.BasicCosTest">
    <ignored/>
  </testcase> <!-- testAnotherAngle -->
  <testcase name="testZeroAngle" time="0.0" classname="com.epam.testng.basictests.BasicCosTest">
    <ignored/>
  </testcase> <!-- testZeroAngle -->
</testsuite> <!-- CosinusTest -->
