<?xml version="1.0" encoding="UTF-8"?>
<!-- Generated by org.testng.reporters.JUnitXMLReporter -->
<testsuite hostname="Tanyas-MacBook-Air.local" ignored="6" name="CotangentTest" tests="1" failures="1" timestamp="15 Dec 2017 11:12:39 GMT" time="0.016" errors="0">
  <testcase name="testFullRotationAnglePlusOne" time="0.001" classname="com.epam.testng.basictests.BasicCtgTest">
    <failure type="java.lang.AssertionError" message="Invalid operation result expected [57.289961630760885] but found [0.999993264600188]">
      <![CDATA[java.lang.AssertionError: Invalid operation result expected [57.289961630760885] but found [0.999993264600188]at com.epam.testng.basictests.BasicCtgTest.testFullRotationAnglePlusOne(BasicCtgTest.java:27)at java.util.concurrent.ThreadPoolExecutor.runWorker(ThreadPoolExecutor.java:1149)at java.util.concurrent.ThreadPoolExecutor$Worker.run(ThreadPoolExecutor.java:624)at java.lang.Thread.run(Thread.java:748)... Removed 14 stack frames]]>
    </failure>
  </testcase> <!-- testFullRotationAnglePlusOne -->
  <testcase name="testZeroAngle" time="0.0" classname="com.epam.testng.basictests.BasicCtgTest">
    <ignored/>
  </testcase> <!-- testZeroAngle -->
  <testcase name="testAngles" time="0.0" classname="com.epam.testng.parameterizedtests.CtgTest">
    <ignored/>
  </testcase> <!-- testAngles -->
  <testcase name="testAngles" time="0.0" classname="com.epam.testng.parameterizedtests.CtgTest">
    <ignored/>
  </testcase> <!-- testAngles -->
  <testcase name="testAngles" time="0.0" classname="com.epam.testng.parameterizedtests.CtgTest">
    <ignored/>
  </testcase> <!-- testAngles -->
  <testcase name="testAnotherAngle" time="0.0" classname="com.epam.testng.basictests.BasicCtgTest">
    <ignored/>
  </testcase> <!-- testAnotherAngle -->
  <testcase name="testNegativeAngle" time="0.0" classname="com.epam.testng.basictests.BasicCtgTest">
    <ignored/>
  </testcase> <!-- testNegativeAngle -->
</testsuite> <!-- CotangentTest -->
