<html>
<head>
<title>TestNG:  SubtractionTest</title>
<link href="../testng.css" rel="stylesheet" type="text/css" />
<link href="../my-testng.css" rel="stylesheet" type="text/css" />

<style type="text/css">
.log { display: none;} 
.stack-trace { display: none;} 
</style>
<script type="text/javascript">
<!--
function flip(e) {
  current = e.style.display;
  if (current == 'block') {
    e.style.display = 'none';
    return 0;
  }
  else {
    e.style.display = 'block';
    return 1;
  }
}

function toggleBox(szDivId, elem, msg1, msg2)
{
  var res = -1;  if (document.getElementById) {
    res = flip(document.getElementById(szDivId));
  }
  else if (document.all) {
    // this is the way old msie versions work
    res = flip(document.all[szDivId]);
  }
  if(elem) {
    if(res == 0) elem.innerHTML = msg1; else elem.innerHTML = msg2;
  }

}

function toggleAllBoxes() {
  if (document.getElementsByTagName) {
    d = document.getElementsByTagName('div');
    for (i = 0; i < d.length; i++) {
      if (d[i].className == 'log') {
        flip(d[i]);
      }
    }
  }
}

// -->
</script>

</head>
<body>
<h2 align='center'>SubtractionTest</h2><table border='1' align="center">
<tr>
<td>Tests passed/Failed/Skipped:</td><td>3/3/0</td>
</tr><tr>
<td>Started on:</td><td>Fri Dec 15 14:12:09 MSK 2017</td>
</tr>
<tr><td>Total time:</td><td>0 seconds (4 ms)</td>
</tr><tr>
<td>Included groups:</td><td>longs doubles subtraction criticalPath </td>
</tr><tr>
<td>Excluded groups:</td><td>smoke extended </td>
</tr>
</table><p/>
<small><i>(Hover the method name to see the test class name)</i></small><p/>
<table width='100%' border='1' class='invocation-failed'>
<tr><td colspan='4' align='center'><b>FAILED TESTS</b></td></tr>
<tr><td><b>Test method</b></td>
<td width="30%"><b>Exception</b></td>
<td width="10%"><b>Time (seconds)</b></td>
<td><b>Instance</b></td>
</tr>
<tr>
<td title='com.epam.testng.parameterizedtests.SubLongsTest.subPositiveLongs()'><b>subPositiveLongs</b><br>Test class: com.epam.testng.parameterizedtests.SubLongsTest<br>Parameters: 99, 99, 0</td>
<td><div><pre>org.testng.TestException: 
	at java.util.concurrent.ThreadPoolExecutor.runWorker(ThreadPoolExecutor.java:1149)
	at java.util.concurrent.ThreadPoolExecutor$Worker.run(ThreadPoolExecutor.java:624)
	at java.lang.Thread.run(Thread.java:748)
... Removed 8 stack frames</pre></div><a href='#' onClick='toggleBox("stack-trace44160484", this, "Click to show all stack frames", "Click to hide stack frames")'>Click to show all stack frames</a>
<div class='stack-trace' id='stack-trace44160484'><pre>org.testng.TestException: 
Method SubLongsTest.subPositiveLongs(long, long, long)[pri:0, instance:com.epam.testng.parameterizedtests.SubLongsTest@6d00a15d] should have thrown an exception of type class org.testng.internal.reflect.MethodMatcherException
	at org.testng.internal.ExpectedExceptionsHolder.noException(ExpectedExceptionsHolder.java:80)
	at org.testng.internal.Invoker.considerExceptions(Invoker.java:1130)
	at org.testng.internal.Invoker.invokeMethod(Invoker.java:603)
	at org.testng.internal.Invoker.invokeTestMethod(Invoker.java:707)
	at org.testng.internal.Invoker.invokeTestMethods(Invoker.java:979)
	at org.testng.internal.TestMethodWorker.invokeTestMethods(TestMethodWorker.java:125)
	at org.testng.internal.TestMethodWorker.run(TestMethodWorker.java:109)
	at java.util.concurrent.ThreadPoolExecutor.runWorker(ThreadPoolExecutor.java:1149)
	at java.util.concurrent.ThreadPoolExecutor$Worker.run(ThreadPoolExecutor.java:624)
	at java.lang.Thread.run(Thread.java:748)
</pre></div></td>
<td>0</td>
<td>com.epam.testng.parameterizedtests.SubLongsTest@6d00a15d</td></tr>
<tr>
<td title='com.epam.testng.parameterizedtests.SubLongsTest.subPositiveLongs()'><b>subPositiveLongs</b><br>Test class: com.epam.testng.parameterizedtests.SubLongsTest<br>Parameters: 2147483647, 1, 2147483646</td>
<td><div><pre>org.testng.TestException: 
	at java.util.concurrent.ThreadPoolExecutor.runWorker(ThreadPoolExecutor.java:1149)
	at java.util.concurrent.ThreadPoolExecutor$Worker.run(ThreadPoolExecutor.java:624)
	at java.lang.Thread.run(Thread.java:748)
... Removed 8 stack frames</pre></div><a href='#' onClick='toggleBox("stack-trace372135596", this, "Click to show all stack frames", "Click to hide stack frames")'>Click to show all stack frames</a>
<div class='stack-trace' id='stack-trace372135596'><pre>org.testng.TestException: 
Method SubLongsTest.subPositiveLongs(long, long, long)[pri:0, instance:com.epam.testng.parameterizedtests.SubLongsTest@6d00a15d] should have thrown an exception of type class org.testng.internal.reflect.MethodMatcherException
	at org.testng.internal.ExpectedExceptionsHolder.noException(ExpectedExceptionsHolder.java:80)
	at org.testng.internal.Invoker.considerExceptions(Invoker.java:1130)
	at org.testng.internal.Invoker.invokeMethod(Invoker.java:603)
	at org.testng.internal.Invoker.invokeTestMethod(Invoker.java:707)
	at org.testng.internal.Invoker.invokeTestMethods(Invoker.java:979)
	at org.testng.internal.TestMethodWorker.invokeTestMethods(TestMethodWorker.java:125)
	at org.testng.internal.TestMethodWorker.run(TestMethodWorker.java:109)
	at java.util.concurrent.ThreadPoolExecutor.runWorker(ThreadPoolExecutor.java:1149)
	at java.util.concurrent.ThreadPoolExecutor$Worker.run(ThreadPoolExecutor.java:624)
	at java.lang.Thread.run(Thread.java:748)
</pre></div></td>
<td>0</td>
<td>com.epam.testng.parameterizedtests.SubLongsTest@6d00a15d</td></tr>
<tr>
<td title='com.epam.testng.parameterizedtests.SubLongsTest.subPositiveLongs()'><b>subPositiveLongs</b><br>Test class: com.epam.testng.parameterizedtests.SubLongsTest<br>Parameters: 50, 0, 50</td>
<td><div><pre>org.testng.TestException: 
	at java.util.concurrent.ThreadPoolExecutor.runWorker(ThreadPoolExecutor.java:1149)
	at java.util.concurrent.ThreadPoolExecutor$Worker.run(ThreadPoolExecutor.java:624)
	at java.lang.Thread.run(Thread.java:748)
... Removed 8 stack frames</pre></div><a href='#' onClick='toggleBox("stack-trace870912401", this, "Click to show all stack frames", "Click to hide stack frames")'>Click to show all stack frames</a>
<div class='stack-trace' id='stack-trace870912401'><pre>org.testng.TestException: 
Method SubLongsTest.subPositiveLongs(long, long, long)[pri:0, instance:com.epam.testng.parameterizedtests.SubLongsTest@6d00a15d] should have thrown an exception of type class org.testng.internal.reflect.MethodMatcherException
	at org.testng.internal.ExpectedExceptionsHolder.noException(ExpectedExceptionsHolder.java:80)
	at org.testng.internal.Invoker.considerExceptions(Invoker.java:1130)
	at org.testng.internal.Invoker.invokeMethod(Invoker.java:603)
	at org.testng.internal.Invoker.invokeTestMethod(Invoker.java:707)
	at org.testng.internal.Invoker.invokeTestMethods(Invoker.java:979)
	at org.testng.internal.TestMethodWorker.invokeTestMethods(TestMethodWorker.java:125)
	at org.testng.internal.TestMethodWorker.run(TestMethodWorker.java:109)
	at java.util.concurrent.ThreadPoolExecutor.runWorker(ThreadPoolExecutor.java:1149)
	at java.util.concurrent.ThreadPoolExecutor$Worker.run(ThreadPoolExecutor.java:624)
	at java.lang.Thread.run(Thread.java:748)
</pre></div></td>
<td>0</td>
<td>com.epam.testng.parameterizedtests.SubLongsTest@6d00a15d</td></tr>
</table><p>
<table width='100%' border='1' class='invocation-passed'>
<tr><td colspan='4' align='center'><b>PASSED TESTS</b></td></tr>
<tr><td><b>Test method</b></td>
<td width="30%"><b>Exception</b></td>
<td width="10%"><b>Time (seconds)</b></td>
<td><b>Instance</b></td>
</tr>
<tr>
<td title='com.epam.testng.parameterizedtests.SubDoublesTest.subPositiveLongs()'><b>subPositiveLongs</b><br>Test class: com.epam.testng.parameterizedtests.SubDoublesTest<br>Parameters: 1.19, 2.56, -1.37</td>
<td></td>
<td>0</td>
<td>com.epam.testng.parameterizedtests.SubDoublesTest@36d4b5c</td></tr>
<tr>
<td title='com.epam.testng.parameterizedtests.SubDoublesTest.subPositiveLongs()'><b>subPositiveLongs</b><br>Test class: com.epam.testng.parameterizedtests.SubDoublesTest<br>Parameters: 2147483647, 1.0, 2.147483646E9</td>
<td></td>
<td>0</td>
<td>com.epam.testng.parameterizedtests.SubDoublesTest@36d4b5c</td></tr>
<tr>
<td title='com.epam.testng.parameterizedtests.SubDoublesTest.subPositiveLongs()'><b>subPositiveLongs</b><br>Test class: com.epam.testng.parameterizedtests.SubDoublesTest<br>Parameters: 50.1, 0, 50.1</td>
<td></td>
<td>0</td>
<td>com.epam.testng.parameterizedtests.SubDoublesTest@36d4b5c</td></tr>
</table><p>
</body>
</html>