<?xml version="1.0" encoding="UTF-8"?>
<!-- Generated by org.testng.reporters.JUnitXMLReporter -->
<testsuite hostname="Tanyas-MacBook-Air.local" ignored="6" name="TangentTest" tests="1" failures="1" timestamp="15 Dec 2017 11:12:44 GMT" time="0.002" errors="0">
  <testcase name="testFullRotationAnglePlusOne" time="0.0" classname="com.epam.testng.basictests.BasicTgTest">
    <failure type="java.lang.AssertionError" message="Invalid operation result expected [0.017455064928217145] but found [1.0]">
      <![CDATA[java.lang.AssertionError: Invalid operation result expected [0.017455064928217145] but found [1.0]at com.epam.testng.basictests.BasicTgTest.testFullRotationAnglePlusOne(BasicTgTest.java:28)at java.util.concurrent.ThreadPoolExecutor.runWorker(ThreadPoolExecutor.java:1149)at java.util.concurrent.ThreadPoolExecutor$Worker.run(ThreadPoolExecutor.java:624)at java.lang.Thread.run(Thread.java:748)... Removed 14 stack frames]]>
    </failure>
  </testcase> <!-- testFullRotationAnglePlusOne -->
  <testcase name="testZeroAngle" time="0.0" classname="com.epam.testng.basictests.BasicTgTest">
    <ignored/>
  </testcase> <!-- testZeroAngle -->
  <testcase name="testAnotherAngle" time="0.0" classname="com.epam.testng.basictests.BasicTgTest">
    <ignored/>
  </testcase> <!-- testAnotherAngle -->
  <testcase name="testNegativeAngle" time="0.0" classname="com.epam.testng.basictests.BasicTgTest">
    <ignored/>
  </testcase> <!-- testNegativeAngle -->
  <testcase name="testAngles" time="0.0" classname="com.epam.testng.parameterizedtests.TgTest">
    <ignored/>
  </testcase> <!-- testAngles -->
  <testcase name="testAngles" time="0.0" classname="com.epam.testng.parameterizedtests.TgTest">
    <ignored/>
  </testcase> <!-- testAngles -->
  <testcase name="testAngles" time="0.0" classname="com.epam.testng.parameterizedtests.TgTest">
    <ignored/>
  </testcase> <!-- testAngles -->
</testsuite> <!-- TangentTest -->
