<?xml version="1.0" encoding="UTF-8"?>
<!-- Generated by org.testng.reporters.JUnitXMLReporter -->
<testsuite hostname="Tanyas-MacBook-Air.local" ignored="10" name="AdditionTest" tests="6" failures="2" timestamp="15 Dec 2017 16:07:05 GMT" time="0.089" errors="0">
  <testcase name="sumPositiveAndNegativeLongs" time="0.009" classname="com.epam.testng.parameterizedtests.SumLongsTest"/>
  <testcase name="sumPositiveAndNegativeLongs" time="0.01" classname="com.epam.testng.parameterizedtests.SumDoublesTest">
    <failure type="java.lang.AssertionError" message="Invalid operation result expected [4.56] but found [4.560000000000002]">
      <![CDATA[java.lang.AssertionError: Invalid operation result expected [4.56] but found [4.560000000000002]at com.epam.testng.parameterizedtests.SumDoublesTest.sumPositiveAndNegativeLongs(SumDoublesTest.java:24)at java.util.concurrent.ThreadPoolExecutor.runWorker(ThreadPoolExecutor.java:1149)at java.util.concurrent.ThreadPoolExecutor$Worker.run(ThreadPoolExecutor.java:624)at java.lang.Thread.run(Thread.java:748)... Removed 14 stack frames]]>
    </failure>
  </testcase> <!-- sumPositiveAndNegativeLongs -->
  <testcase name="sumPositiveAndNegativeLongs" time="0.002" classname="com.epam.testng.parameterizedtests.SumDoublesTest">
    <failure type="java.lang.AssertionError" message="Invalid operation result expected [2.14748364511E9] but found [2.1474836451100001E9]">
      <![CDATA[java.lang.AssertionError: Invalid operation result expected [2.14748364511E9] but found [2.1474836451100001E9]at com.epam.testng.parameterizedtests.SumDoublesTest.sumPositiveAndNegativeLongs(SumDoublesTest.java:24)at java.util.concurrent.ThreadPoolExecutor.runWorker(ThreadPoolExecutor.java:1149)at java.util.concurrent.ThreadPoolExecutor$Worker.run(ThreadPoolExecutor.java:624)at java.lang.Thread.run(Thread.java:748)... Removed 14 stack frames]]>
    </failure>
  </testcase> <!-- sumPositiveAndNegativeLongs -->
  <testcase name="sumPositiveAndNegativeLongs" time="0.004" classname="com.epam.testng.parameterizedtests.SumDoublesTest"/>
  <testcase name="sumPositiveAndNegativeLongs" time="0.002" classname="com.epam.testng.parameterizedtests.SumLongsTest"/>
  <testcase name="sumPositiveAndNegativeLongs" time="0.002" classname="com.epam.testng.parameterizedtests.SumLongsTest"/>
  <testcase name="sumPositiveLongs" time="0.0" classname="com.epam.testng.parameterizedtests.SumLongsTest">
    <ignored/>
  </testcase> <!-- sumPositiveLongs -->
  <testcase name="sumNegativeLongs" time="0.0" classname="com.epam.testng.basictests.BasicSumLongsTest">
    <ignored/>
  </testcase> <!-- sumNegativeLongs -->
  <testcase name="sumPositiveLongs" time="0.0" classname="com.epam.testng.parameterizedtests.SumDoublesTest">
    <ignored/>
  </testcase> <!-- sumPositiveLongs -->
  <testcase name="sumPositiveLongs" time="0.0" classname="com.epam.testng.basictests.BasicSumDoublesTest">
    <ignored/>
  </testcase> <!-- sumPositiveLongs -->
  <testcase name="sumPositiveAndNegativeLongs" time="0.0" classname="com.epam.testng.basictests.BasicSumLongsTest">
    <ignored/>
  </testcase> <!-- sumPositiveAndNegativeLongs -->
  <testcase name="sumNegativeLongs" time="0.0" classname="com.epam.testng.basictests.BasicSumDoublesTest">
    <ignored/>
  </testcase> <!-- sumNegativeLongs -->
  <testcase name="sumPositiveLongs" time="0.0" classname="com.epam.testng.basictests.BasicSumLongsTest">
    <ignored/>
  </testcase> <!-- sumPositiveLongs -->
  <testcase name="sumNegativeLongs" time="0.0" classname="com.epam.testng.parameterizedtests.SumDoublesTest">
    <ignored/>
  </testcase> <!-- sumNegativeLongs -->
  <testcase name="sumPositiveAndNegativeLongs" time="0.0" classname="com.epam.testng.basictests.BasicSumDoublesTest">
    <ignored/>
  </testcase> <!-- sumPositiveAndNegativeLongs -->
  <testcase name="sumNegativeLongs" time="0.0" classname="com.epam.testng.parameterizedtests.SumLongsTest">
    <ignored/>
  </testcase> <!-- sumNegativeLongs -->
</testsuite> <!-- AdditionTest -->
