<?xml version="1.0" encoding="UTF-8"?>
<!-- Generated by org.testng.reporters.JUnitXMLReporter -->
<testsuite hostname="Tanyas-MacBook-Air.local" ignored="3" name="CosinusTest" tests="4" failures="4" timestamp="15 Dec 2017 11:24:38 GMT" time="0.018" errors="0">
  <testcase name="testAngles" time="0.0" classname="com.epam.testng.parameterizedtests.CosTest">
    <failure type="java.lang.AssertionError" message="Invalid operation result expected [-0.9135454576426004] but found [0.4067366430758013]">
      <![CDATA[java.lang.AssertionError: Invalid operation result expected [-0.9135454576426004] but found [0.4067366430758013]at com.epam.testng.parameterizedtests.CosTest.testAngles(CosTest.java:22)at java.util.concurrent.ThreadPoolExecutor.runWorker(ThreadPoolExecutor.java:1149)at java.util.concurrent.ThreadPoolExecutor$Worker.run(ThreadPoolExecutor.java:624)at java.lang.Thread.run(Thread.java:748)... Removed 14 stack frames]]>
    </failure>
  </testcase> <!-- testAngles -->
  <testcase name="testNegativeAngle" time="0.0" classname="com.epam.testng.basictests.BasicCosTest">
    <failure type="java.lang.AssertionError" message="Invalid operation result expected [0.9986295347545738] but found [-0.05233595624294383]">
      <![CDATA[java.lang.AssertionError: Invalid operation result expected [0.9986295347545738] but found [-0.05233595624294383]at com.epam.testng.basictests.BasicCosTest.testNegativeAngle(BasicCosTest.java:34)at java.util.concurrent.ThreadPoolExecutor.runWorker(ThreadPoolExecutor.java:1149)at java.util.concurrent.ThreadPoolExecutor$Worker.run(ThreadPoolExecutor.java:624)at java.lang.Thread.run(Thread.java:748)... Removed 14 stack frames]]>
    </failure>
  </testcase> <!-- testNegativeAngle -->
  <testcase name="testAngles" time="0.001" classname="com.epam.testng.parameterizedtests.CosTest">
    <failure type="java.lang.AssertionError" message="Invalid operation result expected [0.9999984769132877] but found [0.0017453283658983088]">
      <![CDATA[java.lang.AssertionError: Invalid operation result expected [0.9999984769132877] but found [0.0017453283658983088]at com.epam.testng.parameterizedtests.CosTest.testAngles(CosTest.java:22)at java.util.concurrent.ThreadPoolExecutor.runWorker(ThreadPoolExecutor.java:1149)at java.util.concurrent.ThreadPoolExecutor$Worker.run(ThreadPoolExecutor.java:624)at java.lang.Thread.run(Thread.java:748)... Removed 14 stack frames]]>
    </failure>
  </testcase> <!-- testAngles -->
  <testcase name="testAngles" time="0.0" classname="com.epam.testng.parameterizedtests.CosTest">
    <failure type="java.lang.AssertionError" message="Invalid operation result expected [-0.1736481776669303] but found [-0.984807753012208]">
      <![CDATA[java.lang.AssertionError: Invalid operation result expected [-0.1736481776669303] but found [-0.984807753012208]at com.epam.testng.parameterizedtests.CosTest.testAngles(CosTest.java:22)at java.util.concurrent.ThreadPoolExecutor.runWorker(ThreadPoolExecutor.java:1149)at java.util.concurrent.ThreadPoolExecutor$Worker.run(ThreadPoolExecutor.java:624)at java.lang.Thread.run(Thread.java:748)... Removed 14 stack frames]]>
    </failure>
  </testcase> <!-- testAngles -->
  <testcase name="testAnotherAngle" time="0.0" classname="com.epam.testng.basictests.BasicCosTest">
    <ignored/>
  </testcase> <!-- testAnotherAngle -->
  <testcase name="testZeroAngle" time="0.0" classname="com.epam.testng.basictests.BasicCosTest">
    <ignored/>
  </testcase> <!-- testZeroAngle -->
  <testcase name="testFullRotationAnglePlusOne" time="0.0" classname="com.epam.testng.basictests.BasicCosTest">
    <ignored/>
  </testcase> <!-- testFullRotationAnglePlusOne -->
</testsuite> <!-- CosinusTest -->
