<?xml version="1.0" encoding="UTF-8"?>
<!-- Generated by org.testng.reporters.JUnitXMLReporter -->
<testsuite hostname="Tanyas-MacBook-Air.local" ignored="3" name="CotangentTest" tests="4" failures="4" timestamp="15 Dec 2017 11:24:48 GMT" time="0.005" errors="0">
  <testcase name="testAngles" time="0.0" classname="com.epam.testng.parameterizedtests.CtgTest">
    <failure type="java.lang.AssertionError" message="Invalid operation result expected [-2.246036773904209] but found [0.999999999999895]">
      <![CDATA[java.lang.AssertionError: Invalid operation result expected [-2.246036773904209] but found [0.999999999999895]at com.epam.testng.parameterizedtests.CtgTest.testAngles(CtgTest.java:22)at java.util.concurrent.ThreadPoolExecutor.runWorker(ThreadPoolExecutor.java:1149)at java.util.concurrent.ThreadPoolExecutor$Worker.run(ThreadPoolExecutor.java:624)at java.lang.Thread.run(Thread.java:748)... Removed 14 stack frames]]>
    </failure>
  </testcase> <!-- testAngles -->
  <testcase name="testNegativeAngle" time="0.0" classname="com.epam.testng.basictests.BasicCtgTest">
    <failure type="java.lang.AssertionError" message="Invalid operation result expected [-19.081136687728215] but found [-0.05231208078177015]">
      <![CDATA[java.lang.AssertionError: Invalid operation result expected [-19.081136687728215] but found [-0.05231208078177015]at com.epam.testng.basictests.BasicCtgTest.testNegativeAngle(BasicCtgTest.java:34)at java.util.concurrent.ThreadPoolExecutor.runWorker(ThreadPoolExecutor.java:1149)at java.util.concurrent.ThreadPoolExecutor$Worker.run(ThreadPoolExecutor.java:624)at java.lang.Thread.run(Thread.java:748)... Removed 14 stack frames]]>
    </failure>
  </testcase> <!-- testNegativeAngle -->
  <testcase name="testAngles" time="0.0" classname="com.epam.testng.parameterizedtests.CtgTest">
    <failure type="java.lang.AssertionError" message="Invalid operation result expected [0.17632698070846492] but found [-0.9408416071039944]">
      <![CDATA[java.lang.AssertionError: Invalid operation result expected [0.17632698070846492] but found [-0.9408416071039944]at com.epam.testng.parameterizedtests.CtgTest.testAngles(CtgTest.java:22)at java.util.concurrent.ThreadPoolExecutor.runWorker(ThreadPoolExecutor.java:1149)at java.util.concurrent.ThreadPoolExecutor$Worker.run(ThreadPoolExecutor.java:624)at java.lang.Thread.run(Thread.java:748)... Removed 14 stack frames]]>
    </failure>
  </testcase> <!-- testAngles -->
  <testcase name="testAngles" time="0.0" classname="com.epam.testng.parameterizedtests.CtgTest">
    <failure type="java.lang.AssertionError" message="Invalid operation result expected [572.9572133542877] but found [0.0017453274798041774]">
      <![CDATA[java.lang.AssertionError: Invalid operation result expected [572.9572133542877] but found [0.0017453274798041774]at com.epam.testng.parameterizedtests.CtgTest.testAngles(CtgTest.java:22)at java.util.concurrent.ThreadPoolExecutor.runWorker(ThreadPoolExecutor.java:1149)at java.util.concurrent.ThreadPoolExecutor$Worker.run(ThreadPoolExecutor.java:624)at java.lang.Thread.run(Thread.java:748)... Removed 14 stack frames]]>
    </failure>
  </testcase> <!-- testAngles -->
  <testcase name="testFullRotationAnglePlusOne" time="0.0" classname="com.epam.testng.basictests.BasicCtgTest">
    <ignored/>
  </testcase> <!-- testFullRotationAnglePlusOne -->
  <testcase name="testZeroAngle" time="0.0" classname="com.epam.testng.basictests.BasicCtgTest">
    <ignored/>
  </testcase> <!-- testZeroAngle -->
  <testcase name="testAnotherAngle" time="0.0" classname="com.epam.testng.basictests.BasicCtgTest">
    <ignored/>
  </testcase> <!-- testAnotherAngle -->
</testsuite> <!-- CotangentTest -->
