<?xml version="1.0" encoding="UTF-8"?>
<!-- Generated by org.testng.reporters.JUnitXMLReporter -->
<testsuite hostname="Tanyas-MacBook-Air.local" ignored="4" name="MultiplicationTest" tests="8" failures="3" timestamp="15 Dec 2017 16:07:15 GMT" time="0.044" errors="0">
  <testcase name="multNegativeaAndPositiveLongs" time="0.003" classname="com.epam.testng.basictests.BasicMultDoublesTest"/>
  <testcase name="testLongMult" time="0.001" classname="com.epam.testng.parameterizedtests.MultLongsTest"/>
  <testcase name="multNegativeaAndPositiveLongs" time="0.001" classname="com.epam.testng.basictests.BasicMultLongsTest"/>
  <testcase name="testDoublesMult" time="0.005" classname="com.epam.testng.parameterizedtests.MultDoublesTest">
    <failure type="java.lang.AssertionError" message="Invalid operation result. Please, try again expected [-6.9] but found [-7.0]">
      <![CDATA[java.lang.AssertionError: Invalid operation result. Please, try again expected [-6.9] but found [-7.0]at com.epam.testng.parameterizedtests.MultDoublesTest.testDoublesMult(MultDoublesTest.java:23)at java.util.concurrent.ThreadPoolExecutor.runWorker(ThreadPoolExecutor.java:1149)at java.util.concurrent.ThreadPoolExecutor$Worker.run(ThreadPoolExecutor.java:624)at java.lang.Thread.run(Thread.java:748)... Removed 14 stack frames]]>
    </failure>
  </testcase> <!-- testDoublesMult -->
  <testcase name="testLongMult" time="0.001" classname="com.epam.testng.parameterizedtests.MultLongsTest"/>
  <testcase name="testDoublesMult" time="0.004" classname="com.epam.testng.parameterizedtests.MultDoublesTest">
    <failure type="java.lang.AssertionError" message="Invalid operation result. Please, try again expected [3.03] but found [3.0]">
      <![CDATA[java.lang.AssertionError: Invalid operation result. Please, try again expected [3.03] but found [3.0]at com.epam.testng.parameterizedtests.MultDoublesTest.testDoublesMult(MultDoublesTest.java:23)at java.util.concurrent.ThreadPoolExecutor.runWorker(ThreadPoolExecutor.java:1149)at java.util.concurrent.ThreadPoolExecutor$Worker.run(ThreadPoolExecutor.java:624)at java.lang.Thread.run(Thread.java:748)... Removed 14 stack frames]]>
    </failure>
  </testcase> <!-- testDoublesMult -->
  <testcase name="testLongMult" time="0.001" classname="com.epam.testng.parameterizedtests.MultLongsTest"/>
  <testcase name="testDoublesMult" time="0.002" classname="com.epam.testng.parameterizedtests.MultDoublesTest">
    <failure type="java.lang.AssertionError" message="Invalid operation result. Please, try again expected [0.04] but found [0.0]">
      <![CDATA[java.lang.AssertionError: Invalid operation result. Please, try again expected [0.04] but found [0.0]at com.epam.testng.parameterizedtests.MultDoublesTest.testDoublesMult(MultDoublesTest.java:23)at java.util.concurrent.ThreadPoolExecutor.runWorker(ThreadPoolExecutor.java:1149)at java.util.concurrent.ThreadPoolExecutor$Worker.run(ThreadPoolExecutor.java:624)at java.lang.Thread.run(Thread.java:748)... Removed 14 stack frames]]>
    </failure>
  </testcase> <!-- testDoublesMult -->
  <testcase name="multPositiveLongs" time="0.0" classname="com.epam.testng.basictests.BasicMultLongsTest">
    <ignored/>
  </testcase> <!-- multPositiveLongs -->
  <testcase name="multNegativeLongs" time="0.0" classname="com.epam.testng.basictests.BasicMultDoublesTest">
    <ignored/>
  </testcase> <!-- multNegativeLongs -->
  <testcase name="multNegativeLongs" time="0.0" classname="com.epam.testng.basictests.BasicMultLongsTest">
    <ignored/>
  </testcase> <!-- multNegativeLongs -->
  <testcase name="multPositiveDoubles" time="0.0" classname="com.epam.testng.basictests.BasicMultDoublesTest">
    <ignored/>
  </testcase> <!-- multPositiveDoubles -->
</testsuite> <!-- MultiplicationTest -->
