<?xml version="1.0" encoding="UTF-8"?>
<!-- Generated by org.testng.reporters.JUnitXMLReporter -->
<testsuite hostname="Tanyas-MacBook-Air.local" ignored="3" name="PowerTest" tests="6" failures="2" timestamp="15 Dec 2017 11:25:08 GMT" time="0.006" errors="0">
  <testcase name="testPower" time="0.0" classname="com.epam.testng.parameterizedtests.PowTest"/>
  <testcase name="testPowTwoOfRation" time="0.0" classname="com.epam.testng.basictests.BasicPowTest">
    <failure type="java.lang.AssertionError" message="expected [5.5225] but found [5.522500000000001]">
      <![CDATA[java.lang.AssertionError: expected [5.5225] but found [5.522500000000001]at com.epam.testng.basictests.BasicPowTest.testPowTwoOfRation(BasicPowTest.java:32)at java.util.concurrent.ThreadPoolExecutor.runWorker(ThreadPoolExecutor.java:1149)at java.util.concurrent.ThreadPoolExecutor$Worker.run(ThreadPoolExecutor.java:624)at java.lang.Thread.run(Thread.java:748)... Removed 15 stack frames]]>
    </failure>
  </testcase> <!-- testPowTwoOfRation -->
  <testcase name="testPower" time="0.0" classname="com.epam.testng.parameterizedtests.PowTest"/>
  <testcase name="testPower" time="0.0" classname="com.epam.testng.parameterizedtests.PowTest">
    <failure type="java.lang.AssertionError" message="Invalid operation result. Please, try again. expected [276748.42984267586] but found [53981.8756]">
      <![CDATA[java.lang.AssertionError: Invalid operation result. Please, try again. expected [276748.42984267586] but found [53981.8756]at com.epam.testng.parameterizedtests.PowTest.testPower(PowTest.java:23)at java.util.concurrent.ThreadPoolExecutor.runWorker(ThreadPoolExecutor.java:1149)at java.util.concurrent.ThreadPoolExecutor$Worker.run(ThreadPoolExecutor.java:624)at java.lang.Thread.run(Thread.java:748)... Removed 14 stack frames]]>
    </failure>
  </testcase> <!-- testPower -->
  <testcase name="testPower" time="0.0" classname="com.epam.testng.parameterizedtests.PowTest"/>
  <testcase name="testPower" time="0.0" classname="com.epam.testng.parameterizedtests.PowTest"/>
  <testcase name="testPowTwo" time="0.0" classname="com.epam.testng.basictests.BasicPowTest">
    <ignored/>
  </testcase> <!-- testPowTwo -->
  <testcase name="testPowNegativeTwo" time="0.0" classname="com.epam.testng.basictests.BasicPowTest">
    <ignored/>
  </testcase> <!-- testPowNegativeTwo -->
  <testcase name="testPowOne" time="0.0" classname="com.epam.testng.basictests.BasicPowTest">
    <ignored/>
  </testcase> <!-- testPowOne -->
</testsuite> <!-- PowerTest -->
