<?xml version="1.0" encoding="UTF-8"?>
<!-- Generated by org.testng.reporters.JUnitXMLReporter -->
<testsuite hostname="Tanyas-MacBook-Air.local" ignored="2" name="SquareRootTest" tests="4" failures="1" timestamp="15 Dec 2017 11:25:13 GMT" time="0.005" errors="0">
  <testcase name="testLongMult" time="0.0" classname="com.epam.testng.parameterizedtests.SqrtTest"/>
  <testcase name="testNegativeNumbers" time="0.0" classname="com.epam.testng.basictests.BasicSqrtTest">
    <failure type="java.lang.AssertionError" message="Invalid operation result expected [true] but found [false]">
      <![CDATA[java.lang.AssertionError: Invalid operation result expected [true] but found [false]at com.epam.testng.basictests.BasicSqrtTest.testNegativeNumbers(BasicSqrtTest.java:20)at java.util.concurrent.ThreadPoolExecutor.runWorker(ThreadPoolExecutor.java:1149)at java.util.concurrent.ThreadPoolExecutor$Worker.run(ThreadPoolExecutor.java:624)at java.lang.Thread.run(Thread.java:748)... Removed 13 stack frames]]>
    </failure>
  </testcase> <!-- testNegativeNumbers -->
  <testcase name="testLongMult" time="0.0" classname="com.epam.testng.parameterizedtests.SqrtTest"/>
  <testcase name="testLongMult" time="0.0" classname="com.epam.testng.parameterizedtests.SqrtTest"/>
  <testcase name="testZero" time="0.0" classname="com.epam.testng.basictests.BasicSqrtTest">
    <ignored/>
  </testcase> <!-- testZero -->
  <testcase name="testPositiveNumbers" time="0.0" classname="com.epam.testng.basictests.BasicSqrtTest">
    <ignored/>
  </testcase> <!-- testPositiveNumbers -->
</testsuite> <!-- SquareRootTest -->
