<?xml version="1.0" encoding="UTF-8"?>
<!-- Generated by org.testng.reporters.JUnitXMLReporter -->
<testsuite hostname="Tanyas-MacBook-Air.local" ignored="3" name="TangentTest" tests="4" failures="4" timestamp="15 Dec 2017 11:24:53 GMT" time="0.006" errors="0">
  <testcase name="testAngles" time="0.001" classname="com.epam.testng.parameterizedtests.TgTest">
    <failure type="java.lang.AssertionError" message="Invalid operation result expected [-0.4452286853085376] but found [0.4067366430758013]">
      <![CDATA[java.lang.AssertionError: Invalid operation result expected [-0.4452286853085376] but found [0.4067366430758013]at com.epam.testng.parameterizedtests.TgTest.testAngles(TgTest.java:22)at java.util.concurrent.ThreadPoolExecutor.runWorker(ThreadPoolExecutor.java:1149)at java.util.concurrent.ThreadPoolExecutor$Worker.run(ThreadPoolExecutor.java:624)at java.lang.Thread.run(Thread.java:748)... Removed 14 stack frames]]>
    </failure>
  </testcase> <!-- testAngles -->
  <testcase name="testNegativeAngle" time="0.0" classname="com.epam.testng.basictests.BasicTgTest">
    <failure type="java.lang.AssertionError" message="Invalid operation result expected [-0.052407779283041196] but found [1.0]">
      <![CDATA[java.lang.AssertionError: Invalid operation result expected [-0.052407779283041196] but found [1.0]at com.epam.testng.basictests.BasicTgTest.testNegativeAngle(BasicTgTest.java:35)at java.util.concurrent.ThreadPoolExecutor.runWorker(ThreadPoolExecutor.java:1149)at java.util.concurrent.ThreadPoolExecutor$Worker.run(ThreadPoolExecutor.java:624)at java.lang.Thread.run(Thread.java:748)... Removed 14 stack frames]]>
    </failure>
  </testcase> <!-- testNegativeAngle -->
  <testcase name="testAngles" time="0.0" classname="com.epam.testng.parameterizedtests.TgTest">
    <failure type="java.lang.AssertionError" message="Invalid operation result expected [5.671281819617711] but found [-0.984807753012208]">
      <![CDATA[java.lang.AssertionError: Invalid operation result expected [5.671281819617711] but found [-0.984807753012208]at com.epam.testng.parameterizedtests.TgTest.testAngles(TgTest.java:22)at java.util.concurrent.ThreadPoolExecutor.runWorker(ThreadPoolExecutor.java:1149)at java.util.concurrent.ThreadPoolExecutor$Worker.run(ThreadPoolExecutor.java:624)at java.lang.Thread.run(Thread.java:748)... Removed 14 stack frames]]>
    </failure>
  </testcase> <!-- testAngles -->
  <testcase name="testAngles" time="0.0" classname="com.epam.testng.parameterizedtests.TgTest">
    <failure type="java.lang.AssertionError" message="Invalid operation result expected [0.0017453310241888004] but found [0.0017453283658983088]">
      <![CDATA[java.lang.AssertionError: Invalid operation result expected [0.0017453310241888004] but found [0.0017453283658983088]at com.epam.testng.parameterizedtests.TgTest.testAngles(TgTest.java:22)at java.util.concurrent.ThreadPoolExecutor.runWorker(ThreadPoolExecutor.java:1149)at java.util.concurrent.ThreadPoolExecutor$Worker.run(ThreadPoolExecutor.java:624)at java.lang.Thread.run(Thread.java:748)... Removed 14 stack frames]]>
    </failure>
  </testcase> <!-- testAngles -->
  <testcase name="testZeroAngle" time="0.0" classname="com.epam.testng.basictests.BasicTgTest">
    <ignored/>
  </testcase> <!-- testZeroAngle -->
  <testcase name="testFullRotationAnglePlusOne" time="0.0" classname="com.epam.testng.basictests.BasicTgTest">
    <ignored/>
  </testcase> <!-- testFullRotationAnglePlusOne -->
  <testcase name="testAnotherAngle" time="0.0" classname="com.epam.testng.basictests.BasicTgTest">
    <ignored/>
  </testcase> <!-- testAnotherAngle -->
</testsuite> <!-- TangentTest -->
