<?xml version="1.0" encoding="UTF-8"?>
<!-- Generated by org.testng.reporters.JUnitReportReporter -->
<testsuite skipped="0" hostname="Tanyas-MacBook-Air.local" name="com.epam.testng.tests.DivLongsTest" tests="4" failures="1" timestamp="14 Dec 2017 05:58:12 GMT" time="0.002" errors="0">
  <testcase name="dividePositiveValues" time="0.001" classname="com.epam.testng.tests.DivLongsTest">
    <failure type="java.lang.AssertionError" message="Invalid result of operation expected [2.666666666666667] but found [2]">
      <![CDATA[java.lang.AssertionError: Invalid result of operation expected [2.666666666666667] but found [2]at org.testng.Assert.fail(Assert.java:96)at org.testng.Assert.failNotEquals(Assert.java:776)at org.testng.Assert.assertEqualsImpl(Assert.java:137)at org.testng.Assert.assertEquals(Assert.java:118)at com.epam.testng.tests.DivLongsTest.dividePositiveValues(DivLongsTest.java:10)at sun.reflect.NativeMethodAccessorImpl.invoke0(Native Method)at sun.reflect.NativeMethodAccessorImpl.invoke(NativeMethodAccessorImpl.java:62)at sun.reflect.DelegatingMethodAccessorImpl.invoke(DelegatingMethodAccessorImpl.java:43)at java.lang.reflect.Method.invoke(Method.java:498)at org.testng.internal.MethodInvocationHelper.invokeMethod(MethodInvocationHelper.java:124)at org.testng.internal.Invoker.invokeMethod(Invoker.java:571)at org.testng.internal.Invoker.invokeTestMethod(Invoker.java:707)at org.testng.internal.Invoker.invokeTestMethods(Invoker.java:979)at org.testng.internal.TestMethodWorker.invokeTestMethods(TestMethodWorker.java:125)at org.testng.internal.TestMethodWorker.run(TestMethodWorker.java:109)at java.util.concurrent.ThreadPoolExecutor.runWorker(ThreadPoolExecutor.java:1149)at java.util.concurrent.ThreadPoolExecutor$Worker.run(ThreadPoolExecutor.java:624)at java.lang.Thread.run(Thread.java:748)]]>
    </failure>
  </testcase> <!-- dividePositiveValues -->
  <testcase name="checkDivisionByZeroThrowsException" time="0.001" classname="com.epam.testng.tests.DivLongsTest"/>
  <testcase name="divideNegativeValues" time="0.000" classname="com.epam.testng.tests.DivLongsTest"/>
  <testcase name="divideNegativeAndPositiveValues" time="0.000" classname="com.epam.testng.tests.DivLongsTest"/>
</testsuite> <!-- com.epam.testng.tests.DivLongsTest -->
