<?xml version="1.0" encoding="UTF-8"?>
<!-- Generated by org.testng.reporters.JUnitReportReporter -->
<testsuite skipped="0" hostname="Tanyas-MacBook-Air.local" name="com.epam.testng.tests.SumDoublesTest" tests="9" failures="2" timestamp="14 Dec 2017 05:58:07 GMT" time="0.020" errors="0">
  <testcase name="sumNegativeLongs" time="0.000" classname="com.epam.testng.tests.SumDoublesTest"/>
  <testcase name="sumPositiveAndNegativeLongs" time="0.000" classname="com.epam.testng.tests.SumDoublesTest"/>
  <testcase name="sumNegativeLongs" time="0.004" classname="com.epam.testng.tests.SumDoublesTest"/>
  <testcase name="sumPositiveAndNegativeLongs" time="0.000" classname="com.epam.testng.tests.SumDoublesTest">
    <failure type="java.lang.AssertionError" message="Invalid operation result expected [2.14748364511E9] but found [2.1474836451100001E9]">
      <![CDATA[java.lang.AssertionError: Invalid operation result expected [2.14748364511E9] but found [2.1474836451100001E9]at org.testng.Assert.fail(Assert.java:96)at org.testng.Assert.failNotEquals(Assert.java:776)at org.testng.Assert.assertEqualsImpl(Assert.java:137)at org.testng.Assert.assertEquals(Assert.java:118)at com.epam.testng.tests.SumDoublesTest.sumPositiveAndNegativeLongs(SumDoublesTest.java:24)at sun.reflect.NativeMethodAccessorImpl.invoke0(Native Method)at sun.reflect.NativeMethodAccessorImpl.invoke(NativeMethodAccessorImpl.java:62)at sun.reflect.DelegatingMethodAccessorImpl.invoke(DelegatingMethodAccessorImpl.java:43)at java.lang.reflect.Method.invoke(Method.java:498)at org.testng.internal.MethodInvocationHelper.invokeMethod(MethodInvocationHelper.java:124)at org.testng.internal.Invoker.invokeMethod(Invoker.java:571)at org.testng.internal.Invoker.invokeTestMethod(Invoker.java:707)at org.testng.internal.Invoker.invokeTestMethods(Invoker.java:979)at org.testng.internal.TestMethodWorker.invokeTestMethods(TestMethodWorker.java:125)at org.testng.internal.TestMethodWorker.run(TestMethodWorker.java:109)at java.util.concurrent.ThreadPoolExecutor.runWorker(ThreadPoolExecutor.java:1149)at java.util.concurrent.ThreadPoolExecutor$Worker.run(ThreadPoolExecutor.java:624)at java.lang.Thread.run(Thread.java:748)]]>
    </failure>
  </testcase> <!-- sumPositiveAndNegativeLongs -->
  <testcase name="sumPositiveAndNegativeLongs" time="0.005" classname="com.epam.testng.tests.SumDoublesTest">
    <failure type="java.lang.AssertionError" message="Invalid operation result expected [4.56] but found [4.560000000000002]">
      <![CDATA[java.lang.AssertionError: Invalid operation result expected [4.56] but found [4.560000000000002]at org.testng.Assert.fail(Assert.java:96)at org.testng.Assert.failNotEquals(Assert.java:776)at org.testng.Assert.assertEqualsImpl(Assert.java:137)at org.testng.Assert.assertEquals(Assert.java:118)at com.epam.testng.tests.SumDoublesTest.sumPositiveAndNegativeLongs(SumDoublesTest.java:24)at sun.reflect.NativeMethodAccessorImpl.invoke0(Native Method)at sun.reflect.NativeMethodAccessorImpl.invoke(NativeMethodAccessorImpl.java:62)at sun.reflect.DelegatingMethodAccessorImpl.invoke(DelegatingMethodAccessorImpl.java:43)at java.lang.reflect.Method.invoke(Method.java:498)at org.testng.internal.MethodInvocationHelper.invokeMethod(MethodInvocationHelper.java:124)at org.testng.internal.Invoker.invokeMethod(Invoker.java:571)at org.testng.internal.Invoker.invokeTestMethod(Invoker.java:707)at org.testng.internal.Invoker.invokeTestMethods(Invoker.java:979)at org.testng.internal.TestMethodWorker.invokeTestMethods(TestMethodWorker.java:125)at org.testng.internal.TestMethodWorker.run(TestMethodWorker.java:109)at java.util.concurrent.ThreadPoolExecutor.runWorker(ThreadPoolExecutor.java:1149)at java.util.concurrent.ThreadPoolExecutor$Worker.run(ThreadPoolExecutor.java:624)at java.lang.Thread.run(Thread.java:748)]]>
    </failure>
  </testcase> <!-- sumPositiveAndNegativeLongs -->
  <testcase name="sumPositiveLongs" time="0.004" classname="com.epam.testng.tests.SumDoublesTest"/>
  <testcase name="sumPositiveLongs" time="0.005" classname="com.epam.testng.tests.SumDoublesTest"/>
  <testcase name="sumPositiveLongs" time="0.001" classname="com.epam.testng.tests.SumDoublesTest"/>
  <testcase name="sumNegativeLongs" time="0.001" classname="com.epam.testng.tests.SumDoublesTest"/>
</testsuite> <!-- com.epam.testng.tests.SumDoublesTest -->
