<?xml version="1.0" encoding="UTF-8"?>
<!-- Generated by org.testng.reporters.JUnitReportReporter -->
<testsuite skipped="0" hostname="Tanyas-MacBook-Air.local" name="com.epam.testng.tests.SumLongsTest" tests="8" failures="0" timestamp="14 Dec 2017 05:58:02 GMT" time="0.010" errors="1">
  <testcase name="sumPositiveAndNegativeLongs" time="0.000" classname="com.epam.testng.tests.SumLongsTest"/>
  <testcase name="sumPositiveLongs" time="0.001" classname="com.epam.testng.tests.SumLongsTest"/>
  <testcase name="sumNegativeLongs" time="0.002" classname="com.epam.testng.tests.SumLongsTest"/>
  <testcase name="sumPositiveAndNegativeLongs" time="0.002" classname="com.epam.testng.tests.SumLongsTest"/>
  <testcase name="sumPositiveAndNegativeLongs" time="0.000" classname="com.epam.testng.tests.SumLongsTest"/>
  <testcase name="sumPositiveLongs" time="0.002" classname="com.epam.testng.tests.SumLongsTest">
    <error type="org.testng.internal.reflect.MethodMatcherException" message="
Data provider mismatch
Method: sumPositiveLongs([Parameter{index=0, type=long, declaredAnnotations=[]}, Parameter{index=1, type=long, declaredAnnotations=[]}, Parameter{index=2, type=long, declaredAnnotations=[]}])
Arguments: [(java.lang.Long) 9223372036854775807,(java.lang.Long) 9223372036854775807,(java.lang.Double) 1.8446744E19]">
      <![CDATA[org.testng.internal.reflect.MethodMatcherException: Data provider mismatchMethod: sumPositiveLongs([Parameter{index=0, type=long, declaredAnnotations=[]}, Parameter{index=1, type=long, declaredAnnotations=[]}, Parameter{index=2, type=long, declaredAnnotations=[]}])Arguments: [(java.lang.Long) 9223372036854775807,(java.lang.Long) 9223372036854775807,(java.lang.Double) 1.8446744E19]at org.testng.internal.reflect.DataProviderMethodMatcher.getConformingArguments(DataProviderMethodMatcher.java:45)at org.testng.internal.Parameters.injectParameters(Parameters.java:796)at org.testng.internal.Invoker.invokeTestMethods(Invoker.java:973)at org.testng.internal.TestMethodWorker.invokeTestMethods(TestMethodWorker.java:125)at org.testng.internal.TestMethodWorker.run(TestMethodWorker.java:109)at java.util.concurrent.ThreadPoolExecutor.runWorker(ThreadPoolExecutor.java:1149)at java.util.concurrent.ThreadPoolExecutor$Worker.run(ThreadPoolExecutor.java:624)at java.lang.Thread.run(Thread.java:748)]]>
    </error>
  </testcase> <!-- sumPositiveLongs -->
  <testcase name="sumNegativeLongs" time="0.000" classname="com.epam.testng.tests.SumLongsTest"/>
  <testcase name="sumNegativeLongs" time="0.003" classname="com.epam.testng.tests.SumLongsTest"/>
</testsuite> <!-- com.epam.testng.tests.SumLongsTest -->
