<?xml version="1.0" encoding="UTF-8"?>
<!-- Generated by org.testng.reporters.JUnitReportReporter -->
<testsuite skipped="0" hostname="Tanyas-MacBook-Air.local" name="com.epam.testng.basictests.BasicPowTest" tests="4" failures="1" timestamp="15 Dec 2017 11:26:58 GMT" time="0.000" errors="0">
  <testcase name="testPowTwo" time="0.000" classname="com.epam.testng.basictests.BasicPowTest"/>
  <testcase name="testPowNegativeTwo" time="0.000" classname="com.epam.testng.basictests.BasicPowTest"/>
  <testcase name="testPowTwoOfRation" time="0.000" classname="com.epam.testng.basictests.BasicPowTest">
    <failure type="java.lang.AssertionError" message="expected [5.5225] but found [5.522500000000001]">
      <![CDATA[java.lang.AssertionError: expected [5.5225] but found [5.522500000000001]at org.testng.Assert.fail(Assert.java:96)at org.testng.Assert.failNotEquals(Assert.java:776)at org.testng.Assert.assertEqualsImpl(Assert.java:137)at org.testng.Assert.assertEquals(Assert.java:118)at org.testng.Assert.assertEquals(Assert.java:442)at com.epam.testng.basictests.BasicPowTest.testPowTwoOfRation(BasicPowTest.java:32)at sun.reflect.NativeMethodAccessorImpl.invoke0(Native Method)at sun.reflect.NativeMethodAccessorImpl.invoke(NativeMethodAccessorImpl.java:62)at sun.reflect.DelegatingMethodAccessorImpl.invoke(DelegatingMethodAccessorImpl.java:43)at java.lang.reflect.Method.invoke(Method.java:498)at org.testng.internal.MethodInvocationHelper.invokeMethod(MethodInvocationHelper.java:124)at org.testng.internal.Invoker.invokeMethod(Invoker.java:571)at org.testng.internal.Invoker.invokeTestMethod(Invoker.java:707)at org.testng.internal.Invoker.invokeTestMethods(Invoker.java:979)at org.testng.internal.TestMethodWorker.invokeTestMethods(TestMethodWorker.java:125)at org.testng.internal.TestMethodWorker.run(TestMethodWorker.java:109)at java.util.concurrent.ThreadPoolExecutor.runWorker(ThreadPoolExecutor.java:1149)at java.util.concurrent.ThreadPoolExecutor$Worker.run(ThreadPoolExecutor.java:624)at java.lang.Thread.run(Thread.java:748)]]>
    </failure>
  </testcase> <!-- testPowTwoOfRation -->
  <testcase name="testPowOne" time="0.000" classname="com.epam.testng.basictests.BasicPowTest"/>
</testsuite> <!-- com.epam.testng.basictests.BasicPowTest -->
