<?xml version="1.0" encoding="UTF-8"?>
<!-- Generated by org.testng.reporters.JUnitXMLReporter -->
<testsuite hostname="Tanyas-MacBook-Air.local" ignored="3" name="Test1" tests="9" failures="2" timestamp="13 Dec 2017 18:21:56 GMT" time="0.117" errors="0">
  <testcase name="sumNegativeLongs" time="0.011" classname="com.epam.testng.tests.SumDoublesTest"/>
  <testcase name="sumNegativeLongs" time="0.006" classname="com.epam.testng.tests.SumDoublesTest"/>
  <testcase name="sumNegativeLongs" time="0.001" classname="com.epam.testng.tests.SumDoublesTest"/>
  <testcase name="sumPositiveAndNegativeLongs" time="0.002" classname="com.epam.testng.tests.SumDoublesTest">
    <failure type="java.lang.AssertionError" message="Invalid operation result expected [4.56] but found [4.560000000000002]">
      <![CDATA[java.lang.AssertionError: Invalid operation result expected [4.56] but found [4.560000000000002]at com.epam.testng.tests.SumDoublesTest.sumPositiveAndNegativeLongs(SumDoublesTest.java:24)... Removed 29 stack frames]]>
    </failure>
  </testcase> <!-- sumPositiveAndNegativeLongs -->
  <testcase name="sumPositiveAndNegativeLongs" time="0.002" classname="com.epam.testng.tests.SumDoublesTest">
    <failure type="java.lang.AssertionError" message="Invalid operation result expected [2.14748364511E9] but found [2.1474836451100001E9]">
      <![CDATA[java.lang.AssertionError: Invalid operation result expected [2.14748364511E9] but found [2.1474836451100001E9]at com.epam.testng.tests.SumDoublesTest.sumPositiveAndNegativeLongs(SumDoublesTest.java:24)... Removed 29 stack frames]]>
    </failure>
  </testcase> <!-- sumPositiveAndNegativeLongs -->
  <testcase name="sumPositiveAndNegativeLongs" time="0.001" classname="com.epam.testng.tests.SumDoublesTest"/>
  <testcase name="sumPositiveLongs" time="0.002" classname="com.epam.testng.tests.SumDoublesTest"/>
  <testcase name="sumPositiveLongs" time="0.001" classname="com.epam.testng.tests.SumDoublesTest"/>
  <testcase name="sumPositiveLongs" time="0.002" classname="com.epam.testng.tests.SumDoublesTest"/>
  <testcase name="sumPositiveLongs" time="0.0" classname="com.epam.testng.tests.SumLongsTest">
    <ignored/>
  </testcase> <!-- sumPositiveLongs -->
  <testcase name="sumPositiveAndNegativeLongs" time="0.0" classname="com.epam.testng.tests.SumLongsTest">
    <ignored/>
  </testcase> <!-- sumPositiveAndNegativeLongs -->
  <testcase name="sumNegativeLongs" time="0.0" classname="com.epam.testng.tests.SumLongsTest">
    <ignored/>
  </testcase> <!-- sumNegativeLongs -->
</testsuite> <!-- Test1 -->
