<html>
<head>
<title>TestNG:  Test1</title>
<link href="../testng.css" rel="stylesheet" type="text/css" />
<link href="../my-testng.css" rel="stylesheet" type="text/css" />

<style type="text/css">
.log { display: none;} 
.stack-trace { display: none;} 
</style>
<script type="text/javascript">
<!--
function flip(e) {
  current = e.style.display;
  if (current == 'block') {
    e.style.display = 'none';
    return 0;
  }
  else {
    e.style.display = 'block';
    return 1;
  }
}

function toggleBox(szDivId, elem, msg1, msg2)
{
  var res = -1;  if (document.getElementById) {
    res = flip(document.getElementById(szDivId));
  }
  else if (document.all) {
    // this is the way old msie versions work
    res = flip(document.all[szDivId]);
  }
  if(elem) {
    if(res == 0) elem.innerHTML = msg1; else elem.innerHTML = msg2;
  }

}

function toggleAllBoxes() {
  if (document.getElementsByTagName) {
    d = document.getElementsByTagName('div');
    for (i = 0; i < d.length; i++) {
      if (d[i].className == 'log') {
        flip(d[i]);
      }
    }
  }
}

// -->
</script>

</head>
<body>
<h2 align='center'>Test1</h2><table border='1' align="center">
<tr>
<td>Tests passed/Failed/Skipped:</td><td>7/2/0</td>
</tr><tr>
<td>Started on:</td><td>Wed Dec 13 21:21:51 MSK 2017</td>
</tr>
<tr><td>Total time:</td><td>0 seconds (117 ms)</td>
</tr><tr>
<td>Included groups:</td><td>addition </td>
</tr><tr>
<td>Excluded groups:</td><td></td>
</tr>
</table><p/>
<small><i>(Hover the method name to see the test class name)</i></small><p/>
<table width='100%' border='1' class='invocation-failed'>
<tr><td colspan='4' align='center'><b>FAILED TESTS</b></td></tr>
<tr><td><b>Test method</b></td>
<td width="30%"><b>Exception</b></td>
<td width="10%"><b>Time (seconds)</b></td>
<td><b>Instance</b></td>
</tr>
<tr>
<td title='com.epam.testng.tests.SumDoublesTest.sumPositiveAndNegativeLongs()'><b>sumPositiveAndNegativeLongs</b><br>Test class: com.epam.testng.tests.SumDoublesTest<br>Parameters: 20.01, -15.45, 4.56</td>
<td><div><pre>java.lang.AssertionError: Invalid operation result expected [4.56] but found [4.560000000000002]
	at com.epam.testng.tests.SumDoublesTest.sumPositiveAndNegativeLongs(SumDoublesTest.java:24)
... Removed 29 stack frames</pre></div><a href='#' onClick='toggleBox("stack-trace1897871865", this, "Click to show all stack frames", "Click to hide stack frames")'>Click to show all stack frames</a>
<div class='stack-trace' id='stack-trace1897871865'><pre>java.lang.AssertionError: Invalid operation result expected [4.56] but found [4.560000000000002]
	at org.testng.Assert.fail(Assert.java:96)
	at org.testng.Assert.failNotEquals(Assert.java:776)
	at org.testng.Assert.assertEqualsImpl(Assert.java:137)
	at org.testng.Assert.assertEquals(Assert.java:118)
	at com.epam.testng.tests.SumDoublesTest.sumPositiveAndNegativeLongs(SumDoublesTest.java:24)
	at sun.reflect.NativeMethodAccessorImpl.invoke0(Native Method)
	at sun.reflect.NativeMethodAccessorImpl.invoke(NativeMethodAccessorImpl.java:62)
	at sun.reflect.DelegatingMethodAccessorImpl.invoke(DelegatingMethodAccessorImpl.java:43)
	at java.lang.reflect.Method.invoke(Method.java:498)
	at org.testng.internal.MethodInvocationHelper.invokeMethod(MethodInvocationHelper.java:124)
	at org.testng.internal.Invoker.invokeMethod(Invoker.java:571)
	at org.testng.internal.Invoker.invokeTestMethod(Invoker.java:707)
	at org.testng.internal.Invoker.invokeTestMethods(Invoker.java:979)
	at org.testng.internal.TestMethodWorker.invokeTestMethods(TestMethodWorker.java:125)
	at org.testng.internal.TestMethodWorker.run(TestMethodWorker.java:109)
	at org.testng.TestRunner.privateRun(TestRunner.java:648)
	at org.testng.TestRunner.run(TestRunner.java:505)
	at org.testng.SuiteRunner.runTest(SuiteRunner.java:455)
	at org.testng.SuiteRunner.runSequentially(SuiteRunner.java:450)
	at org.testng.SuiteRunner.privateRun(SuiteRunner.java:415)
	at org.testng.SuiteRunner.run(SuiteRunner.java:364)
	at org.testng.SuiteRunnerWorker.runSuite(SuiteRunnerWorker.java:52)
	at org.testng.SuiteRunnerWorker.run(SuiteRunnerWorker.java:84)
	at org.testng.TestNG.runSuitesSequentially(TestNG.java:1187)
	at org.testng.TestNG.runSuitesLocally(TestNG.java:1116)
	at org.testng.TestNG.runSuites(TestNG.java:1028)
	at org.testng.TestNG.run(TestNG.java:996)
	at org.testng.remote.AbstractRemoteTestNG.run(AbstractRemoteTestNG.java:114)
	at org.testng.remote.RemoteTestNG.initAndRun(RemoteTestNG.java:251)
	at org.testng.remote.RemoteTestNG.main(RemoteTestNG.java:77)
</pre></div></td>
<td>0</td>
<td>com.epam.testng.tests.SumDoublesTest@6f7fd0e6</td></tr>
<tr>
<td title='com.epam.testng.tests.SumDoublesTest.sumPositiveAndNegativeLongs()'><b>sumPositiveAndNegativeLongs</b><br>Test class: com.epam.testng.tests.SumDoublesTest<br>Parameters: 2.14748364666E9, -1.55, 2.14748364511E9</td>
<td><div><pre>java.lang.AssertionError: Invalid operation result expected [2.14748364511E9] but found [2.1474836451100001E9]
	at com.epam.testng.tests.SumDoublesTest.sumPositiveAndNegativeLongs(SumDoublesTest.java:24)
... Removed 29 stack frames</pre></div><a href='#' onClick='toggleBox("stack-trace85777802", this, "Click to show all stack frames", "Click to hide stack frames")'>Click to show all stack frames</a>
<div class='stack-trace' id='stack-trace85777802'><pre>java.lang.AssertionError: Invalid operation result expected [2.14748364511E9] but found [2.1474836451100001E9]
	at org.testng.Assert.fail(Assert.java:96)
	at org.testng.Assert.failNotEquals(Assert.java:776)
	at org.testng.Assert.assertEqualsImpl(Assert.java:137)
	at org.testng.Assert.assertEquals(Assert.java:118)
	at com.epam.testng.tests.SumDoublesTest.sumPositiveAndNegativeLongs(SumDoublesTest.java:24)
	at sun.reflect.NativeMethodAccessorImpl.invoke0(Native Method)
	at sun.reflect.NativeMethodAccessorImpl.invoke(NativeMethodAccessorImpl.java:62)
	at sun.reflect.DelegatingMethodAccessorImpl.invoke(DelegatingMethodAccessorImpl.java:43)
	at java.lang.reflect.Method.invoke(Method.java:498)
	at org.testng.internal.MethodInvocationHelper.invokeMethod(MethodInvocationHelper.java:124)
	at org.testng.internal.Invoker.invokeMethod(Invoker.java:571)
	at org.testng.internal.Invoker.invokeTestMethod(Invoker.java:707)
	at org.testng.internal.Invoker.invokeTestMethods(Invoker.java:979)
	at org.testng.internal.TestMethodWorker.invokeTestMethods(TestMethodWorker.java:125)
	at org.testng.internal.TestMethodWorker.run(TestMethodWorker.java:109)
	at org.testng.TestRunner.privateRun(TestRunner.java:648)
	at org.testng.TestRunner.run(TestRunner.java:505)
	at org.testng.SuiteRunner.runTest(SuiteRunner.java:455)
	at org.testng.SuiteRunner.runSequentially(SuiteRunner.java:450)
	at org.testng.SuiteRunner.privateRun(SuiteRunner.java:415)
	at org.testng.SuiteRunner.run(SuiteRunner.java:364)
	at org.testng.SuiteRunnerWorker.runSuite(SuiteRunnerWorker.java:52)
	at org.testng.SuiteRunnerWorker.run(SuiteRunnerWorker.java:84)
	at org.testng.TestNG.runSuitesSequentially(TestNG.java:1187)
	at org.testng.TestNG.runSuitesLocally(TestNG.java:1116)
	at org.testng.TestNG.runSuites(TestNG.java:1028)
	at org.testng.TestNG.run(TestNG.java:996)
	at org.testng.remote.AbstractRemoteTestNG.run(AbstractRemoteTestNG.java:114)
	at org.testng.remote.RemoteTestNG.initAndRun(RemoteTestNG.java:251)
	at org.testng.remote.RemoteTestNG.main(RemoteTestNG.java:77)
</pre></div></td>
<td>0</td>
<td>com.epam.testng.tests.SumDoublesTest@6f7fd0e6</td></tr>
</table><p>
<table width='100%' border='1' class='invocation-passed'>
<tr><td colspan='4' align='center'><b>PASSED TESTS</b></td></tr>
<tr><td><b>Test method</b></td>
<td width="30%"><b>Exception</b></td>
<td width="10%"><b>Time (seconds)</b></td>
<td><b>Instance</b></td>
</tr>
<tr>
<td title='com.epam.testng.tests.SumDoublesTest.sumNegativeLongs()'><b>sumNegativeLongs</b><br>Test class: com.epam.testng.tests.SumDoublesTest<br>Parameters: -1.0, -2.56, -3.56</td>
<td></td>
<td>0</td>
<td>com.epam.testng.tests.SumDoublesTest@6f7fd0e6</td></tr>
<tr>
<td title='com.epam.testng.tests.SumDoublesTest.sumNegativeLongs()'><b>sumNegativeLongs</b><br>Test class: com.epam.testng.tests.SumDoublesTest<br>Parameters: -1.7976931348623157E308, -1, -1.7976931348623157E308</td>
<td></td>
<td>0</td>
<td>com.epam.testng.tests.SumDoublesTest@6f7fd0e6</td></tr>
<tr>
<td title='com.epam.testng.tests.SumDoublesTest.sumNegativeLongs()'><b>sumNegativeLongs</b><br>Test class: com.epam.testng.tests.SumDoublesTest<br>Parameters: -50, 0, -50.0</td>
<td></td>
<td>0</td>
<td>com.epam.testng.tests.SumDoublesTest@6f7fd0e6</td></tr>
<tr>
<td title='com.epam.testng.tests.SumDoublesTest.sumPositiveAndNegativeLongs()'><b>sumPositiveAndNegativeLongs</b><br>Test class: com.epam.testng.tests.SumDoublesTest<br>Parameters: 1, -50, -49.0</td>
<td></td>
<td>0</td>
<td>com.epam.testng.tests.SumDoublesTest@6f7fd0e6</td></tr>
<tr>
<td title='com.epam.testng.tests.SumDoublesTest.sumPositiveLongs()'><b>sumPositiveLongs</b><br>Test class: com.epam.testng.tests.SumDoublesTest<br>Parameters: 1.19, 2.56, 3.75</td>
<td></td>
<td>0</td>
<td>com.epam.testng.tests.SumDoublesTest@6f7fd0e6</td></tr>
<tr>
<td title='com.epam.testng.tests.SumDoublesTest.sumPositiveLongs()'><b>sumPositiveLongs</b><br>Test class: com.epam.testng.tests.SumDoublesTest<br>Parameters: 2147483647, 1.0, 2.147483648E9</td>
<td></td>
<td>0</td>
<td>com.epam.testng.tests.SumDoublesTest@6f7fd0e6</td></tr>
<tr>
<td title='com.epam.testng.tests.SumDoublesTest.sumPositiveLongs()'><b>sumPositiveLongs</b><br>Test class: com.epam.testng.tests.SumDoublesTest<br>Parameters: 50.1, 0, 50.1</td>
<td></td>
<td>0</td>
<td>com.epam.testng.tests.SumDoublesTest@6f7fd0e6</td></tr>
</table><p>
</body>
</html>