<?xml version="1.0" encoding="UTF-8"?>
<!-- Generated by org.testng.reporters.JUnitXMLReporter -->
<testsuite hostname="Tanyas-MacBook-Air.local" ignored="5" name="CotangentTest" tests="2" failures="2" timestamp="15 Dec 2017 11:22:48 GMT" time="0.004" errors="0">
  <testcase name="testAnotherAngle" time="0.0" classname="com.epam.testng.basictests.BasicCtgTest">
    <failure type="java.lang.AssertionError" message="Invalid operation result expected [0.363970234266202] but found [0.9996756415322439]">
      <![CDATA[java.lang.AssertionError: Invalid operation result expected [0.363970234266202] but found [0.9996756415322439]at com.epam.testng.basictests.BasicCtgTest.testAnotherAngle(BasicCtgTest.java:20)at java.util.concurrent.ThreadPoolExecutor.runWorker(ThreadPoolExecutor.java:1149)at java.util.concurrent.ThreadPoolExecutor$Worker.run(ThreadPoolExecutor.java:624)at java.lang.Thread.run(Thread.java:748)... Removed 14 stack frames]]>
    </failure>
  </testcase> <!-- testAnotherAngle -->
  <testcase name="testZeroAngle" time="0.001" classname="com.epam.testng.basictests.BasicCtgTest">
    <failure type="java.lang.AssertionError" message="Invalid operation result expected [Infinity] but found [0.0]">
      <![CDATA[java.lang.AssertionError: Invalid operation result expected [Infinity] but found [0.0]at com.epam.testng.basictests.BasicCtgTest.testZeroAngle(BasicCtgTest.java:13)at java.util.concurrent.ThreadPoolExecutor.runWorker(ThreadPoolExecutor.java:1149)at java.util.concurrent.ThreadPoolExecutor$Worker.run(ThreadPoolExecutor.java:624)at java.lang.Thread.run(Thread.java:748)... Removed 14 stack frames]]>
    </failure>
  </testcase> <!-- testZeroAngle -->
  <testcase name="testFullRotationAnglePlusOne" time="0.0" classname="com.epam.testng.basictests.BasicCtgTest">
    <ignored/>
  </testcase> <!-- testFullRotationAnglePlusOne -->
  <testcase name="testAngles" time="0.0" classname="com.epam.testng.parameterizedtests.CtgTest">
    <ignored/>
  </testcase> <!-- testAngles -->
  <testcase name="testAngles" time="0.0" classname="com.epam.testng.parameterizedtests.CtgTest">
    <ignored/>
  </testcase> <!-- testAngles -->
  <testcase name="testAngles" time="0.0" classname="com.epam.testng.parameterizedtests.CtgTest">
    <ignored/>
  </testcase> <!-- testAngles -->
  <testcase name="testNegativeAngle" time="0.0" classname="com.epam.testng.basictests.BasicCtgTest">
    <ignored/>
  </testcase> <!-- testNegativeAngle -->
</testsuite> <!-- CotangentTest -->
