<?xml version="1.0" encoding="UTF-8"?>
<!-- Generated by org.testng.reporters.JUnitXMLReporter -->
<testsuite hostname="Tanyas-MacBook-Air.local" ignored="5" name="TangentTest" tests="2" failures="2" timestamp="15 Dec 2017 11:22:53 GMT" time="0.005" errors="0">
  <testcase name="testAnotherAngle" time="0.0" classname="com.epam.testng.basictests.BasicTgTest">
    <failure type="java.lang.AssertionError" message="Invalid operation result expected [2.7474774194546168] but found [1.0]">
      <![CDATA[java.lang.AssertionError: Invalid operation result expected [2.7474774194546168] but found [1.0]at com.epam.testng.basictests.BasicTgTest.testAnotherAngle(BasicTgTest.java:21)at java.util.concurrent.ThreadPoolExecutor.runWorker(ThreadPoolExecutor.java:1149)at java.util.concurrent.ThreadPoolExecutor$Worker.run(ThreadPoolExecutor.java:624)at java.lang.Thread.run(Thread.java:748)... Removed 14 stack frames]]>
    </failure>
  </testcase> <!-- testAnotherAngle -->
  <testcase name="testZeroAngle" time="0.0" classname="com.epam.testng.basictests.BasicTgTest">
    <failure type="java.lang.AssertionError" message="Invalid operation result expected [0.0] but found [NaN]">
      <![CDATA[java.lang.AssertionError: Invalid operation result expected [0.0] but found [NaN]at com.epam.testng.basictests.BasicTgTest.testZeroAngle(BasicTgTest.java:14)at java.util.concurrent.ThreadPoolExecutor.runWorker(ThreadPoolExecutor.java:1149)at java.util.concurrent.ThreadPoolExecutor$Worker.run(ThreadPoolExecutor.java:624)at java.lang.Thread.run(Thread.java:748)... Removed 14 stack frames]]>
    </failure>
  </testcase> <!-- testZeroAngle -->
  <testcase name="testFullRotationAnglePlusOne" time="0.0" classname="com.epam.testng.basictests.BasicTgTest">
    <ignored/>
  </testcase> <!-- testFullRotationAnglePlusOne -->
  <testcase name="testNegativeAngle" time="0.0" classname="com.epam.testng.basictests.BasicTgTest">
    <ignored/>
  </testcase> <!-- testNegativeAngle -->
  <testcase name="testAngles" time="0.0" classname="com.epam.testng.parameterizedtests.TgTest">
    <ignored/>
  </testcase> <!-- testAngles -->
  <testcase name="testAngles" time="0.0" classname="com.epam.testng.parameterizedtests.TgTest">
    <ignored/>
  </testcase> <!-- testAngles -->
  <testcase name="testAngles" time="0.0" classname="com.epam.testng.parameterizedtests.TgTest">
    <ignored/>
  </testcase> <!-- testAngles -->
</testsuite> <!-- TangentTest -->
